[ 2017-11-22T15:32:16+08:00 ] 127.0.0.1 /
INFO: [ app_begin ] --START--
INFO: ReadHtmlCache Behavior ::run [ RunTime:0.002000s ]
INFO: [ app_begin ] --END-- [ RunTime:0.002000s ]
INFO: [ view_parse ] --START--
NOTIC: [2] preg_replace(): The /e modifier is no longer supported, use preg_replace_callback instead D:\phpStudy\WWW\caiji\ThinkPHP\Lib\Template\ThinkTemplate.class.php 第 273 行.
NOTIC: [2] preg_replace(): The /e modifier is no longer supported, use preg_replace_callback instead D:\phpStudy\WWW\caiji\ThinkPHP\Lib\Template\ThinkTemplate.class.php 第 168 行.
NOTIC: [2] preg_replace(): The /e modifier is no longer supported, use preg_replace_callback instead D:\phpStudy\WWW\caiji\ThinkPHP\Lib\Template\ThinkTemplate.class.php 第 404 行.
NOTIC: [2] preg_replace(): The /e modifier is no longer supported, use preg_replace_callback instead D:\phpStudy\WWW\caiji\ThinkPHP\Lib\Template\ThinkTemplate.class.php 第 404 行.
NOTIC: [2] preg_replace(): The /e modifier is no longer supported, use preg_replace_callback instead D:\phpStudy\WWW\caiji\ThinkPHP\Lib\Template\ThinkTemplate.class.php 第 404 行.
NOTIC: [2] preg_replace(): The /e modifier is no longer supported, use preg_replace_callback instead D:\phpStudy\WWW\caiji\ThinkPHP\Lib\Template\ThinkTemplate.class.php 第 404 行.
NOTIC: [2] preg_replace(): The /e modifier is no longer supported, use preg_replace_callback instead D:\phpStudy\WWW\caiji\ThinkPHP\Lib\Template\ThinkTemplate.class.php 第 404 行.
NOTIC: [2] preg_replace(): The /e modifier is no longer supported, use preg_replace_callback instead D:\phpStudy\WWW\caiji\ThinkPHP\Lib\Template\ThinkTemplate.class.php 第 404 行.
NOTIC: [2] preg_replace(): The /e modifier is no longer supported, use preg_replace_callback instead D:\phpStudy\WWW\caiji\ThinkPHP\Lib\Template\ThinkTemplate.class.php 第 404 行.
NOTIC: [2] preg_replace(): The /e modifier is no longer supported, use preg_replace_callback instead D:\phpStudy\WWW\caiji\ThinkPHP\Lib\Template\ThinkTemplate.class.php 第 404 行.
NOTIC: [2] preg_replace(): The /e modifier is no longer supported, use preg_replace_callback instead D:\phpStudy\WWW\caiji\ThinkPHP\Lib\Template\ThinkTemplate.class.php 第 404 行.
NOTIC: [2] preg_replace(): The /e modifier is no longer supported, use preg_replace_callback instead D:\phpStudy\WWW\caiji\ThinkPHP\Lib\Template\ThinkTemplate.class.php 第 404 行.
NOTIC: [2] preg_replace(): The /e modifier is no longer supported, use preg_replace_callback instead D:\phpStudy\WWW\caiji\ThinkPHP\Lib\Template\ThinkTemplate.class.php 第 404 行.
NOTIC: [2] preg_replace(): The /e modifier is no longer supported, use preg_replace_callback instead D:\phpStudy\WWW\caiji\ThinkPHP\Lib\Template\ThinkTemplate.class.php 第 404 行.
NOTIC: [2] preg_replace(): The /e modifier is no longer supported, use preg_replace_callback instead D:\phpStudy\WWW\caiji\ThinkPHP\Lib\Template\ThinkTemplate.class.php 第 399 行.
NOTIC: [2] preg_replace(): The /e modifier is no longer supported, use preg_replace_callback instead D:\phpStudy\WWW\caiji\ThinkPHP\Lib\Template\ThinkTemplate.class.php 第 399 行.
NOTIC: [2] preg_replace(): The /e modifier is no longer supported, use preg_replace_callback instead D:\phpStudy\WWW\caiji\ThinkPHP\Lib\Template\ThinkTemplate.class.php 第 404 行.
NOTIC: [2] preg_replace(): The /e modifier is no longer supported, use preg_replace_callback instead D:\phpStudy\WWW\caiji\ThinkPHP\Lib\Template\ThinkTemplate.class.php 第 404 行.
NOTIC: [2] preg_replace(): The /e modifier is no longer supported, use preg_replace_callback instead D:\phpStudy\WWW\caiji\ThinkPHP\Lib\Template\ThinkTemplate.class.php 第 404 行.
NOTIC: [2] preg_replace(): The /e modifier is no longer supported, use preg_replace_callback instead D:\phpStudy\WWW\caiji\ThinkPHP\Lib\Template\ThinkTemplate.class.php 第 399 行.
NOTIC: [2] preg_replace(): The /e modifier is no longer supported, use preg_replace_callback instead D:\phpStudy\WWW\caiji\ThinkPHP\Lib\Template\ThinkTemplate.class.php 第 404 行.
NOTIC: [2] preg_replace(): The /e modifier is no longer supported, use preg_replace_callback instead D:\phpStudy\WWW\caiji\ThinkPHP\Lib\Template\ThinkTemplate.class.php 第 404 行.
NOTIC: [2] preg_replace(): The /e modifier is no longer supported, use preg_replace_callback instead D:\phpStudy\WWW\caiji\ThinkPHP\Lib\Template\ThinkTemplate.class.php 第 404 行.
NOTIC: [2] preg_replace(): The /e modifier is no longer supported, use preg_replace_callback instead D:\phpStudy\WWW\caiji\ThinkPHP\Lib\Template\ThinkTemplate.class.php 第 404 行.
NOTIC: [2] preg_replace(): The /e modifier is no longer supported, use preg_replace_callback instead D:\phpStudy\WWW\caiji\ThinkPHP\Lib\Template\ThinkTemplate.class.php 第 404 行.
NOTIC: [2] preg_replace(): The /e modifier is no longer supported, use preg_replace_callback instead D:\phpStudy\WWW\caiji\ThinkPHP\Lib\Template\ThinkTemplate.class.php 第 404 行.
NOTIC: [2] preg_replace(): The /e modifier is no longer supported, use preg_replace_callback instead D:\phpStudy\WWW\caiji\ThinkPHP\Lib\Template\ThinkTemplate.class.php 第 404 行.
NOTIC: [2] preg_replace(): The /e modifier is no longer supported, use preg_replace_callback instead D:\phpStudy\WWW\caiji\ThinkPHP\Lib\Template\ThinkTemplate.class.php 第 404 行.
NOTIC: [2] preg_replace(): The /e modifier is no longer supported, use preg_replace_callback instead D:\phpStudy\WWW\caiji\ThinkPHP\Lib\Template\ThinkTemplate.class.php 第 404 行.
NOTIC: [2] preg_replace(): The /e modifier is no longer supported, use preg_replace_callback instead D:\phpStudy\WWW\caiji\ThinkPHP\Lib\Template\ThinkTemplate.class.php 第 404 行.
NOTIC: [2] preg_replace(): The /e modifier is no longer supported, use preg_replace_callback instead D:\phpStudy\WWW\caiji\ThinkPHP\Lib\Template\ThinkTemplate.class.php 第 404 行.
NOTIC: [2] preg_replace(): The /e modifier is no longer supported, use preg_replace_callback instead D:\phpStudy\WWW\caiji\ThinkPHP\Lib\Template\ThinkTemplate.class.php 第 404 行.
NOTIC: [2] preg_replace(): The /e modifier is no longer supported, use preg_replace_callback instead D:\phpStudy\WWW\caiji\ThinkPHP\Lib\Template\ThinkTemplate.class.php 第 404 行.
NOTIC: [2] preg_replace(): The /e modifier is no longer supported, use preg_replace_callback instead D:\phpStudy\WWW\caiji\ThinkPHP\Lib\Template\ThinkTemplate.class.php 第 404 行.
NOTIC: [2] preg_replace(): The /e modifier is no longer supported, use preg_replace_callback instead D:\phpStudy\WWW\caiji\ThinkPHP\Lib\Template\ThinkTemplate.class.php 第 404 行.
NOTIC: [2] preg_replace(): The /e modifier is no longer supported, use preg_replace_callback instead D:\phpStudy\WWW\caiji\ThinkPHP\Lib\Template\ThinkTemplate.class.php 第 404 行.
NOTIC: [2] preg_replace(): The /e modifier is no longer supported, use preg_replace_callback instead D:\phpStudy\WWW\caiji\ThinkPHP\Lib\Template\ThinkTemplate.class.php 第 404 行.
NOTIC: [2] preg_replace(): The /e modifier is no longer supported, use preg_replace_callback instead D:\phpStudy\WWW\caiji\ThinkPHP\Lib\Template\ThinkTemplate.class.php 第 404 行.
NOTIC: [2] preg_replace(): The /e modifier is no longer supported, use preg_replace_callback instead D:\phpStudy\WWW\caiji\ThinkPHP\Lib\Template\ThinkTemplate.class.php 第 404 行.
NOTIC: [2] preg_replace(): The /e modifier is no longer supported, use preg_replace_callback instead D:\phpStudy\WWW\caiji\ThinkPHP\Lib\Template\ThinkTemplate.class.php 第 404 行.
NOTIC: [2] preg_replace(): The /e modifier is no longer supported, use preg_replace_callback instead D:\phpStudy\WWW\caiji\ThinkPHP\Lib\Template\ThinkTemplate.class.php 第 404 行.
NOTIC: [2] preg_replace(): The /e modifier is no longer supported, use preg_replace_callback instead D:\phpStudy\WWW\caiji\ThinkPHP\Lib\Template\ThinkTemplate.class.php 第 404 行.
NOTIC: [2] preg_replace(): The /e modifier is no longer supported, use preg_replace_callback instead D:\phpStudy\WWW\caiji\ThinkPHP\Lib\Template\ThinkTemplate.class.php 第 404 行.
NOTIC: [2] preg_replace(): The /e modifier is no longer supported, use preg_replace_callback instead D:\phpStudy\WWW\caiji\ThinkPHP\Lib\Template\ThinkTemplate.class.php 第 404 行.
NOTIC: [2] preg_replace(): The /e modifier is no longer supported, use preg_replace_callback instead D:\phpStudy\WWW\caiji\ThinkPHP\Lib\Template\ThinkTemplate.class.php 第 404 行.
NOTIC: [2] preg_replace(): The /e modifier is no longer supported, use preg_replace_callback instead D:\phpStudy\WWW\caiji\ThinkPHP\Lib\Template\ThinkTemplate.class.php 第 404 行.
NOTIC: [2] preg_replace(): The /e modifier is no longer supported, use preg_replace_callback instead D:\phpStudy\WWW\caiji\ThinkPHP\Lib\Template\ThinkTemplate.class.php 第 404 行.
NOTIC: [2] preg_replace(): The /e modifier is no longer supported, use preg_replace_callback instead D:\phpStudy\WWW\caiji\ThinkPHP\Lib\Template\ThinkTemplate.class.php 第 404 行.
NOTIC: [2] preg_replace(): The /e modifier is no longer supported, use preg_replace_callback instead D:\phpStudy\WWW\caiji\ThinkPHP\Lib\Template\ThinkTemplate.class.php 第 404 行.
NOTIC: [2] preg_replace(): The /e modifier is no longer supported, use preg_replace_callback instead D:\phpStudy\WWW\caiji\ThinkPHP\Lib\Template\ThinkTemplate.class.php 第 404 行.
NOTIC: [2] preg_replace(): The /e modifier is no longer supported, use preg_replace_callback instead D:\phpStudy\WWW\caiji\ThinkPHP\Lib\Template\ThinkTemplate.class.php 第 404 行.
NOTIC: [2] preg_replace(): The /e modifier is no longer supported, use preg_replace_callback instead D:\phpStudy\WWW\caiji\ThinkPHP\Lib\Template\ThinkTemplate.class.php 第 404 行.
NOTIC: [2] preg_replace(): The /e modifier is no longer supported, use preg_replace_callback instead D:\phpStudy\WWW\caiji\ThinkPHP\Lib\Template\ThinkTemplate.class.php 第 404 行.
NOTIC: [2] preg_replace(): The /e modifier is no longer supported, use preg_replace_callback instead D:\phpStudy\WWW\caiji\ThinkPHP\Lib\Template\ThinkTemplate.class.php 第 404 行.
NOTIC: [2] preg_replace(): The /e modifier is no longer supported, use preg_replace_callback instead D:\phpStudy\WWW\caiji\ThinkPHP\Lib\Template\ThinkTemplate.class.php 第 404 行.
NOTIC: [2] preg_replace(): The /e modifier is no longer supported, use preg_replace_callback instead D:\phpStudy\WWW\caiji\ThinkPHP\Lib\Template\ThinkTemplate.class.php 第 404 行.
NOTIC: [2] preg_replace(): The /e modifier is no longer supported, use preg_replace_callback instead D:\phpStudy\WWW\caiji\ThinkPHP\Lib\Template\ThinkTemplate.class.php 第 404 行.
NOTIC: [2] preg_replace(): The /e modifier is no longer supported, use preg_replace_callback instead D:\phpStudy\WWW\caiji\ThinkPHP\Lib\Template\ThinkTemplate.class.php 第 404 行.
NOTIC: [2] preg_replace(): The /e modifier is no longer supported, use preg_replace_callback instead D:\phpStudy\WWW\caiji\ThinkPHP\Lib\Template\ThinkTemplate.class.php 第 404 行.
NOTIC: [2] preg_replace(): The /e modifier is no longer supported, use preg_replace_callback instead D:\phpStudy\WWW\caiji\ThinkPHP\Lib\Template\ThinkTemplate.class.php 第 404 行.
NOTIC: [2] preg_replace(): The /e modifier is no longer supported, use preg_replace_callback instead D:\phpStudy\WWW\caiji\ThinkPHP\Lib\Template\ThinkTemplate.class.php 第 404 行.
NOTIC: [2] preg_replace(): The /e modifier is no longer supported, use preg_replace_callback instead D:\phpStudy\WWW\caiji\ThinkPHP\Lib\Template\ThinkTemplate.class.php 第 404 行.
NOTIC: [2] preg_replace(): The /e modifier is no longer supported, use preg_replace_callback instead D:\phpStudy\WWW\caiji\ThinkPHP\Lib\Template\ThinkTemplate.class.php 第 404 行.
NOTIC: [2] preg_replace(): The /e modifier is no longer supported, use preg_replace_callback instead D:\phpStudy\WWW\caiji\ThinkPHP\Lib\Template\ThinkTemplate.class.php 第 404 行.
NOTIC: [2] preg_replace(): The /e modifier is no longer supported, use preg_replace_callback instead D:\phpStudy\WWW\caiji\ThinkPHP\Lib\Template\ThinkTemplate.class.php 第 404 行.
NOTIC: [2] preg_replace(): The /e modifier is no longer supported, use preg_replace_callback instead D:\phpStudy\WWW\caiji\ThinkPHP\Lib\Template\ThinkTemplate.class.php 第 404 行.
NOTIC: [2] preg_replace(): The /e modifier is no longer supported, use preg_replace_callback instead D:\phpStudy\WWW\caiji\ThinkPHP\Lib\Template\ThinkTemplate.class.php 第 404 行.
NOTIC: [2] preg_replace(): The /e modifier is no longer supported, use preg_replace_callback instead D:\phpStudy\WWW\caiji\ThinkPHP\Lib\Template\ThinkTemplate.class.php 第 404 行.
NOTIC: [2] preg_replace(): The /e modifier is no longer supported, use preg_replace_callback instead D:\phpStudy\WWW\caiji\ThinkPHP\Lib\Template\ThinkTemplate.class.php 第 404 行.
NOTIC: [2] preg_replace(): The /e modifier is no longer supported, use preg_replace_callback instead D:\phpStudy\WWW\caiji\ThinkPHP\Lib\Template\ThinkTemplate.class.php 第 404 行.
NOTIC: [2] preg_replace(): The /e modifier is no longer supported, use preg_replace_callback instead D:\phpStudy\WWW\caiji\ThinkPHP\Lib\Template\ThinkTemplate.class.php 第 404 行.
NOTIC: [2] preg_replace(): The /e modifier is no longer supported, use preg_replace_callback instead D:\phpStudy\WWW\caiji\ThinkPHP\Lib\Template\ThinkTemplate.class.php 第 404 行.
NOTIC: [2] preg_replace(): The /e modifier is no longer supported, use preg_replace_callback instead D:\phpStudy\WWW\caiji\ThinkPHP\Lib\Template\ThinkTemplate.class.php 第 404 行.
NOTIC: [2] preg_replace(): The /e modifier is no longer supported, use preg_replace_callback instead D:\phpStudy\WWW\caiji\ThinkPHP\Lib\Template\ThinkTemplate.class.php 第 404 行.
NOTIC: [2] preg_replace(): The /e modifier is no longer supported, use preg_replace_callback instead D:\phpStudy\WWW\caiji\ThinkPHP\Lib\Template\ThinkTemplate.class.php 第 404 行.
NOTIC: [2] preg_replace(): The /e modifier is no longer supported, use preg_replace_callback instead D:\phpStudy\WWW\caiji\ThinkPHP\Lib\Template\ThinkTemplate.class.php 第 404 行.
NOTIC: [2] preg_replace(): The /e modifier is no longer supported, use preg_replace_callback instead D:\phpStudy\WWW\caiji\ThinkPHP\Lib\Template\ThinkTemplate.class.php 第 404 行.
NOTIC: [2] preg_replace(): The /e modifier is no longer supported, use preg_replace_callback instead D:\phpStudy\WWW\caiji\ThinkPHP\Lib\Template\ThinkTemplate.class.php 第 404 行.
NOTIC: [2] preg_replace(): The /e modifier is no longer supported, use preg_replace_callback instead D:\phpStudy\WWW\caiji\ThinkPHP\Lib\Template\ThinkTemplate.class.php 第 404 行.
NOTIC: [2] preg_replace(): The /e modifier is no longer supported, use preg_replace_callback instead D:\phpStudy\WWW\caiji\ThinkPHP\Lib\Template\ThinkTemplate.class.php 第 404 行.
NOTIC: [2] preg_replace(): The /e modifier is no longer supported, use preg_replace_callback instead D:\phpStudy\WWW\caiji\ThinkPHP\Lib\Template\ThinkTemplate.class.php 第 404 行.
NOTIC: [2] preg_replace(): The /e modifier is no longer supported, use preg_replace_callback instead D:\phpStudy\WWW\caiji\ThinkPHP\Lib\Template\ThinkTemplate.class.php 第 404 行.
NOTIC: [2] preg_replace(): The /e modifier is no longer supported, use preg_replace_callback instead D:\phpStudy\WWW\caiji\ThinkPHP\Lib\Template\ThinkTemplate.class.php 第 404 行.
NOTIC: [2] preg_replace(): The /e modifier is no longer supported, use preg_replace_callback instead D:\phpStudy\WWW\caiji\ThinkPHP\Lib\Template\ThinkTemplate.class.php 第 404 行.
NOTIC: [2] preg_replace(): The /e modifier is no longer supported, use preg_replace_callback instead D:\phpStudy\WWW\caiji\ThinkPHP\Lib\Template\ThinkTemplate.class.php 第 404 行.
NOTIC: [2] preg_replace(): The /e modifier is no longer supported, use preg_replace_callback instead D:\phpStudy\WWW\caiji\ThinkPHP\Lib\Template\ThinkTemplate.class.php 第 404 行.
NOTIC: [2] preg_replace(): The /e modifier is no longer supported, use preg_replace_callback instead D:\phpStudy\WWW\caiji\ThinkPHP\Lib\Template\ThinkTemplate.class.php 第 399 行.
NOTIC: [2] preg_replace(): The /e modifier is no longer supported, use preg_replace_callback instead D:\phpStudy\WWW\caiji\ThinkPHP\Lib\Template\ThinkTemplate.class.php 第 399 行.
NOTIC: [2] preg_replace(): The /e modifier is no longer supported, use preg_replace_callback instead D:\phpStudy\WWW\caiji\ThinkPHP\Lib\Template\ThinkTemplate.class.php 第 399 行.
NOTIC: [2] preg_replace(): The /e modifier is no longer supported, use preg_replace_callback instead D:\phpStudy\WWW\caiji\ThinkPHP\Lib\Template\ThinkTemplate.class.php 第 399 行.
NOTIC: [2] preg_replace(): The /e modifier is no longer supported, use preg_replace_callback instead D:\phpStudy\WWW\caiji\ThinkPHP\Lib\Template\ThinkTemplate.class.php 第 399 行.
NOTIC: [2] preg_replace(): The /e modifier is no longer supported, use preg_replace_callback instead D:\phpStudy\WWW\caiji\ThinkPHP\Lib\Template\ThinkTemplate.class.php 第 399 行.
NOTIC: [2] preg_replace(): The /e modifier is no longer supported, use preg_replace_callback instead D:\phpStudy\WWW\caiji\ThinkPHP\Lib\Template\ThinkTemplate.class.php 第 404 行.
NOTIC: [2] preg_replace(): The /e modifier is no longer supported, use preg_replace_callback instead D:\phpStudy\WWW\caiji\ThinkPHP\Lib\Template\ThinkTemplate.class.php 第 404 行.
NOTIC: [2] preg_replace(): The /e modifier is no longer supported, use preg_replace_callback instead D:\phpStudy\WWW\caiji\ThinkPHP\Lib\Template\ThinkTemplate.class.php 第 404 行.
NOTIC: [2] preg_replace(): The /e modifier is no longer supported, use preg_replace_callback instead D:\phpStudy\WWW\caiji\ThinkPHP\Lib\Template\ThinkTemplate.class.php 第 197 行.
NOTIC: [2] preg_replace(): The /e modifier is no longer supported, use preg_replace_callback instead D:\phpStudy\WWW\caiji\ThinkPHP\Lib\Template\ThinkTemplate.class.php 第 137 行.
INFO: ParseTemplate Behavior ::run [ RunTime:0.060000s ]
INFO: [ view_parse ] --END-- [ RunTime:0.060000s ]
INFO: [ view_filter ] --START--
INFO: ContentReplace Behavior ::run [ RunTime:0.014000s ]
INFO: TokenBuild Behavior ::run [ RunTime:0.003000s ]
INFO: WriteHtmlCache Behavior ::run [ RunTime:0.002000s ]
INFO: ShowRuntime Behavior ::run [ RunTime:0.004000s ]
INFO: [ view_filter ] --END-- [ RunTime:0.026000s ]
INFO: [ view_end ] --START--
INFO: ShowPageTrace Behavior ::run [ RunTime:0.003000s ]
INFO: [ view_end ] --END-- [ RunTime:0.003000s ]

[ 2017-11-22T15:54:25+08:00 ] 127.0.0.1 /index.php
INFO: [ app_begin ] --START--
INFO: ReadHtmlCache Behavior ::run [ RunTime:0.000000s ]
INFO: [ app_begin ] --END-- [ RunTime:0.000000s ]
INFO: [ view_parse ] --START--
NOTIC: [2] preg_replace(): The /e modifier is no longer supported, use preg_replace_callback instead D:\phpStudy\WWW\caiji\ThinkPHP\Lib\Template\ThinkTemplate.class.php 第 273 行.
NOTIC: [2] preg_replace(): The /e modifier is no longer supported, use preg_replace_callback instead D:\phpStudy\WWW\caiji\ThinkPHP\Lib\Template\ThinkTemplate.class.php 第 168 行.
NOTIC: [2] preg_replace(): The /e modifier is no longer supported, use preg_replace_callback instead D:\phpStudy\WWW\caiji\ThinkPHP\Lib\Template\ThinkTemplate.class.php 第 404 行.
NOTIC: [2] preg_replace(): The /e modifier is no longer supported, use preg_replace_callback instead D:\phpStudy\WWW\caiji\ThinkPHP\Lib\Template\ThinkTemplate.class.php 第 404 行.
NOTIC: [2] preg_replace(): The /e modifier is no longer supported, use preg_replace_callback instead D:\phpStudy\WWW\caiji\ThinkPHP\Lib\Template\ThinkTemplate.class.php 第 404 行.
NOTIC: [2] preg_replace(): The /e modifier is no longer supported, use preg_replace_callback instead D:\phpStudy\WWW\caiji\ThinkPHP\Lib\Template\ThinkTemplate.class.php 第 404 行.
NOTIC: [2] preg_replace(): The /e modifier is no longer supported, use preg_replace_callback instead D:\phpStudy\WWW\caiji\ThinkPHP\Lib\Template\ThinkTemplate.class.php 第 404 行.
NOTIC: [2] preg_replace(): The /e modifier is no longer supported, use preg_replace_callback instead D:\phpStudy\WWW\caiji\ThinkPHP\Lib\Template\ThinkTemplate.class.php 第 404 行.
NOTIC: [2] preg_replace(): The /e modifier is no longer supported, use preg_replace_callback instead D:\phpStudy\WWW\caiji\ThinkPHP\Lib\Template\ThinkTemplate.class.php 第 404 行.
NOTIC: [2] preg_replace(): The /e modifier is no longer supported, use preg_replace_callback instead D:\phpStudy\WWW\caiji\ThinkPHP\Lib\Template\ThinkTemplate.class.php 第 404 行.
NOTIC: [2] preg_replace(): The /e modifier is no longer supported, use preg_replace_callback instead D:\phpStudy\WWW\caiji\ThinkPHP\Lib\Template\ThinkTemplate.class.php 第 404 行.
NOTIC: [2] preg_replace(): The /e modifier is no longer supported, use preg_replace_callback instead D:\phpStudy\WWW\caiji\ThinkPHP\Lib\Template\ThinkTemplate.class.php 第 404 行.
NOTIC: [2] preg_replace(): The /e modifier is no longer supported, use preg_replace_callback instead D:\phpStudy\WWW\caiji\ThinkPHP\Lib\Template\ThinkTemplate.class.php 第 404 行.
NOTIC: [2] preg_replace(): The /e modifier is no longer supported, use preg_replace_callback instead D:\phpStudy\WWW\caiji\ThinkPHP\Lib\Template\ThinkTemplate.class.php 第 404 行.
NOTIC: [2] preg_replace(): The /e modifier is no longer supported, use preg_replace_callback instead D:\phpStudy\WWW\caiji\ThinkPHP\Lib\Template\ThinkTemplate.class.php 第 399 行.
NOTIC: [2] preg_replace(): The /e modifier is no longer supported, use preg_replace_callback instead D:\phpStudy\WWW\caiji\ThinkPHP\Lib\Template\ThinkTemplate.class.php 第 399 行.
NOTIC: [2] preg_replace(): The /e modifier is no longer supported, use preg_replace_callback instead D:\phpStudy\WWW\caiji\ThinkPHP\Lib\Template\ThinkTemplate.class.php 第 404 行.
NOTIC: [2] preg_replace(): The /e modifier is no longer supported, use preg_replace_callback instead D:\phpStudy\WWW\caiji\ThinkPHP\Lib\Template\ThinkTemplate.class.php 第 404 行.
NOTIC: [2] preg_replace(): The /e modifier is no longer supported, use preg_replace_callback instead D:\phpStudy\WWW\caiji\ThinkPHP\Lib\Template\ThinkTemplate.class.php 第 404 行.
NOTIC: [2] preg_replace(): The /e modifier is no longer supported, use preg_replace_callback instead D:\phpStudy\WWW\caiji\ThinkPHP\Lib\Template\ThinkTemplate.class.php 第 399 行.
NOTIC: [2] preg_replace(): The /e modifier is no longer supported, use preg_replace_callback instead D:\phpStudy\WWW\caiji\ThinkPHP\Lib\Template\ThinkTemplate.class.php 第 404 行.
NOTIC: [2] preg_replace(): The /e modifier is no longer supported, use preg_replace_callback instead D:\phpStudy\WWW\caiji\ThinkPHP\Lib\Template\ThinkTemplate.class.php 第 404 行.
NOTIC: [2] preg_replace(): The /e modifier is no longer supported, use preg_replace_callback instead D:\phpStudy\WWW\caiji\ThinkPHP\Lib\Template\ThinkTemplate.class.php 第 404 行.
NOTIC: [2] preg_replace(): The /e modifier is no longer supported, use preg_replace_callback instead D:\phpStudy\WWW\caiji\ThinkPHP\Lib\Template\ThinkTemplate.class.php 第 404 行.
NOTIC: [2] preg_replace(): The /e modifier is no longer supported, use preg_replace_callback instead D:\phpStudy\WWW\caiji\ThinkPHP\Lib\Template\ThinkTemplate.class.php 第 404 行.
NOTIC: [2] preg_replace(): The /e modifier is no longer supported, use preg_replace_callback instead D:\phpStudy\WWW\caiji\ThinkPHP\Lib\Template\ThinkTemplate.class.php 第 404 行.
NOTIC: [2] preg_replace(): The /e modifier is no longer supported, use preg_replace_callback instead D:\phpStudy\WWW\caiji\ThinkPHP\Lib\Template\ThinkTemplate.class.php 第 404 行.
NOTIC: [2] preg_replace(): The /e modifier is no longer supported, use preg_replace_callback instead D:\phpStudy\WWW\caiji\ThinkPHP\Lib\Template\ThinkTemplate.class.php 第 404 行.
NOTIC: [2] preg_replace(): The /e modifier is no longer supported, use preg_replace_callback instead D:\phpStudy\WWW\caiji\ThinkPHP\Lib\Template\ThinkTemplate.class.php 第 404 行.
NOTIC: [2] preg_replace(): The /e modifier is no longer supported, use preg_replace_callback instead D:\phpStudy\WWW\caiji\ThinkPHP\Lib\Template\ThinkTemplate.class.php 第 404 行.
NOTIC: [2] preg_replace(): The /e modifier is no longer supported, use preg_replace_callback instead D:\phpStudy\WWW\caiji\ThinkPHP\Lib\Template\ThinkTemplate.class.php 第 404 行.
NOTIC: [2] preg_replace(): The /e modifier is no longer supported, use preg_replace_callback instead D:\phpStudy\WWW\caiji\ThinkPHP\Lib\Template\ThinkTemplate.class.php 第 404 行.
NOTIC: [2] preg_replace(): The /e modifier is no longer supported, use preg_replace_callback instead D:\phpStudy\WWW\caiji\ThinkPHP\Lib\Template\ThinkTemplate.class.php 第 404 行.
NOTIC: [2] preg_replace(): The /e modifier is no longer supported, use preg_replace_callback instead D:\phpStudy\WWW\caiji\ThinkPHP\Lib\Template\ThinkTemplate.class.php 第 404 行.
NOTIC: [2] preg_replace(): The /e modifier is no longer supported, use preg_replace_callback instead D:\phpStudy\WWW\caiji\ThinkPHP\Lib\Template\ThinkTemplate.class.php 第 404 行.
NOTIC: [2] preg_replace(): The /e modifier is no longer supported, use preg_replace_callback instead D:\phpStudy\WWW\caiji\ThinkPHP\Lib\Template\ThinkTemplate.class.php 第 404 行.
NOTIC: [2] preg_replace(): The /e modifier is no longer supported, use preg_replace_callback instead D:\phpStudy\WWW\caiji\ThinkPHP\Lib\Template\ThinkTemplate.class.php 第 404 行.
NOTIC: [2] preg_replace(): The /e modifier is no longer supported, use preg_replace_callback instead D:\phpStudy\WWW\caiji\ThinkPHP\Lib\Template\ThinkTemplate.class.php 第 404 行.
NOTIC: [2] preg_replace(): The /e modifier is no longer supported, use preg_replace_callback instead D:\phpStudy\WWW\caiji\ThinkPHP\Lib\Template\ThinkTemplate.class.php 第 404 行.
NOTIC: [2] preg_replace(): The /e modifier is no longer supported, use preg_replace_callback instead D:\phpStudy\WWW\caiji\ThinkPHP\Lib\Template\ThinkTemplate.class.php 第 404 行.
NOTIC: [2] preg_replace(): The /e modifier is no longer supported, use preg_replace_callback instead D:\phpStudy\WWW\caiji\ThinkPHP\Lib\Template\ThinkTemplate.class.php 第 404 行.
NOTIC: [2] preg_replace(): The /e modifier is no longer supported, use preg_replace_callback instead D:\phpStudy\WWW\caiji\ThinkPHP\Lib\Template\ThinkTemplate.class.php 第 404 行.
NOTIC: [2] preg_replace(): The /e modifier is no longer supported, use preg_replace_callback instead D:\phpStudy\WWW\caiji\ThinkPHP\Lib\Template\ThinkTemplate.class.php 第 404 行.
NOTIC: [2] preg_replace(): The /e modifier is no longer supported, use preg_replace_callback instead D:\phpStudy\WWW\caiji\ThinkPHP\Lib\Template\ThinkTemplate.class.php 第 404 行.
NOTIC: [2] preg_replace(): The /e modifier is no longer supported, use preg_replace_callback instead D:\phpStudy\WWW\caiji\ThinkPHP\Lib\Template\ThinkTemplate.class.php 第 404 行.
NOTIC: [2] preg_replace(): The /e modifier is no longer supported, use preg_replace_callback instead D:\phpStudy\WWW\caiji\ThinkPHP\Lib\Template\ThinkTemplate.class.php 第 404 行.
NOTIC: [2] preg_replace(): The /e modifier is no longer supported, use preg_replace_callback instead D:\phpStudy\WWW\caiji\ThinkPHP\Lib\Template\ThinkTemplate.class.php 第 404 行.
NOTIC: [2] preg_replace(): The /e modifier is no longer supported, use preg_replace_callback instead D:\phpStudy\WWW\caiji\ThinkPHP\Lib\Template\ThinkTemplate.class.php 第 404 行.
NOTIC: [2] preg_replace(): The /e modifier is no longer supported, use preg_replace_callback instead D:\phpStudy\WWW\caiji\ThinkPHP\Lib\Template\ThinkTemplate.class.php 第 404 行.
NOTIC: [2] preg_replace(): The /e modifier is no longer supported, use preg_replace_callback instead D:\phpStudy\WWW\caiji\ThinkPHP\Lib\Template\ThinkTemplate.class.php 第 404 行.
NOTIC: [2] preg_replace(): The /e modifier is no longer supported, use preg_replace_callback instead D:\phpStudy\WWW\caiji\ThinkPHP\Lib\Template\ThinkTemplate.class.php 第 404 行.
NOTIC: [2] preg_replace(): The /e modifier is no longer supported, use preg_replace_callback instead D:\phpStudy\WWW\caiji\ThinkPHP\Lib\Template\ThinkTemplate.class.php 第 404 行.
NOTIC: [2] preg_replace(): The /e modifier is no longer supported, use preg_replace_callback instead D:\phpStudy\WWW\caiji\ThinkPHP\Lib\Template\ThinkTemplate.class.php 第 404 行.
NOTIC: [2] preg_replace(): The /e modifier is no longer supported, use preg_replace_callback instead D:\phpStudy\WWW\caiji\ThinkPHP\Lib\Template\ThinkTemplate.class.php 第 404 行.
NOTIC: [2] preg_replace(): The /e modifier is no longer supported, use preg_replace_callback instead D:\phpStudy\WWW\caiji\ThinkPHP\Lib\Template\ThinkTemplate.class.php 第 404 行.
NOTIC: [2] preg_replace(): The /e modifier is no longer supported, use preg_replace_callback instead D:\phpStudy\WWW\caiji\ThinkPHP\Lib\Template\ThinkTemplate.class.php 第 404 行.
NOTIC: [2] preg_replace(): The /e modifier is no longer supported, use preg_replace_callback instead D:\phpStudy\WWW\caiji\ThinkPHP\Lib\Template\ThinkTemplate.class.php 第 404 行.
NOTIC: [2] preg_replace(): The /e modifier is no longer supported, use preg_replace_callback instead D:\phpStudy\WWW\caiji\ThinkPHP\Lib\Template\ThinkTemplate.class.php 第 404 行.
NOTIC: [2] preg_replace(): The /e modifier is no longer supported, use preg_replace_callback instead D:\phpStudy\WWW\caiji\ThinkPHP\Lib\Template\ThinkTemplate.class.php 第 404 行.
NOTIC: [2] preg_replace(): The /e modifier is no longer supported, use preg_replace_callback instead D:\phpStudy\WWW\caiji\ThinkPHP\Lib\Template\ThinkTemplate.class.php 第 404 行.
NOTIC: [2] preg_replace(): The /e modifier is no longer supported, use preg_replace_callback instead D:\phpStudy\WWW\caiji\ThinkPHP\Lib\Template\ThinkTemplate.class.php 第 404 行.
NOTIC: [2] preg_replace(): The /e modifier is no longer supported, use preg_replace_callback instead D:\phpStudy\WWW\caiji\ThinkPHP\Lib\Template\ThinkTemplate.class.php 第 404 行.
NOTIC: [2] preg_replace(): The /e modifier is no longer supported, use preg_replace_callback instead D:\phpStudy\WWW\caiji\ThinkPHP\Lib\Template\ThinkTemplate.class.php 第 404 行.
NOTIC: [2] preg_replace(): The /e modifier is no longer supported, use preg_replace_callback instead D:\phpStudy\WWW\caiji\ThinkPHP\Lib\Template\ThinkTemplate.class.php 第 404 行.
NOTIC: [2] preg_replace(): The /e modifier is no longer supported, use preg_replace_callback instead D:\phpStudy\WWW\caiji\ThinkPHP\Lib\Template\ThinkTemplate.class.php 第 404 行.
NOTIC: [2] preg_replace(): The /e modifier is no longer supported, use preg_replace_callback instead D:\phpStudy\WWW\caiji\ThinkPHP\Lib\Template\ThinkTemplate.class.php 第 404 行.
NOTIC: [2] preg_replace(): The /e modifier is no longer supported, use preg_replace_callback instead D:\phpStudy\WWW\caiji\ThinkPHP\Lib\Template\ThinkTemplate.class.php 第 404 行.
NOTIC: [2] preg_replace(): The /e modifier is no longer supported, use preg_replace_callback instead D:\phpStudy\WWW\caiji\ThinkPHP\Lib\Template\ThinkTemplate.class.php 第 404 行.
NOTIC: [2] preg_replace(): The /e modifier is no longer supported, use preg_replace_callback instead D:\phpStudy\WWW\caiji\ThinkPHP\Lib\Template\ThinkTemplate.class.php 第 404 行.
NOTIC: [2] preg_replace(): The /e modifier is no longer supported, use preg_replace_callback instead D:\phpStudy\WWW\caiji\ThinkPHP\Lib\Template\ThinkTemplate.class.php 第 404 行.
NOTIC: [2] preg_replace(): The /e modifier is no longer supported, use preg_replace_callback instead D:\phpStudy\WWW\caiji\ThinkPHP\Lib\Template\ThinkTemplate.class.php 第 404 行.
NOTIC: [2] preg_replace(): The /e modifier is no longer supported, use preg_replace_callback instead D:\phpStudy\WWW\caiji\ThinkPHP\Lib\Template\ThinkTemplate.class.php 第 404 行.
NOTIC: [2] preg_replace(): The /e modifier is no longer supported, use preg_replace_callback instead D:\phpStudy\WWW\caiji\ThinkPHP\Lib\Template\ThinkTemplate.class.php 第 404 行.
NOTIC: [2] preg_replace(): The /e modifier is no longer supported, use preg_replace_callback instead D:\phpStudy\WWW\caiji\ThinkPHP\Lib\Template\ThinkTemplate.class.php 第 404 行.
NOTIC: [2] preg_replace(): The /e modifier is no longer supported, use preg_replace_callback instead D:\phpStudy\WWW\caiji\ThinkPHP\Lib\Template\ThinkTemplate.class.php 第 404 行.
NOTIC: [2] preg_replace(): The /e modifier is no longer supported, use preg_replace_callback instead D:\phpStudy\WWW\caiji\ThinkPHP\Lib\Template\ThinkTemplate.class.php 第 404 行.
NOTIC: [2] preg_replace(): The /e modifier is no longer supported, use preg_replace_callback instead D:\phpStudy\WWW\caiji\ThinkPHP\Lib\Template\ThinkTemplate.class.php 第 404 行.
NOTIC: [2] preg_replace(): The /e modifier is no longer supported, use preg_replace_callback instead D:\phpStudy\WWW\caiji\ThinkPHP\Lib\Template\ThinkTemplate.class.php 第 404 行.
NOTIC: [2] preg_replace(): The /e modifier is no longer supported, use preg_replace_callback instead D:\phpStudy\WWW\caiji\ThinkPHP\Lib\Template\ThinkTemplate.class.php 第 404 行.
NOTIC: [2] preg_replace(): The /e modifier is no longer supported, use preg_replace_callback instead D:\phpStudy\WWW\caiji\ThinkPHP\Lib\Template\ThinkTemplate.class.php 第 404 行.
NOTIC: [2] preg_replace(): The /e modifier is no longer supported, use preg_replace_callback instead D:\phpStudy\WWW\caiji\ThinkPHP\Lib\Template\ThinkTemplate.class.php 第 404 行.
NOTIC: [2] preg_replace(): The /e modifier is no longer supported, use preg_replace_callback instead D:\phpStudy\WWW\caiji\ThinkPHP\Lib\Template\ThinkTemplate.class.php 第 404 行.
NOTIC: [2] preg_replace(): The /e modifier is no longer supported, use preg_replace_callback instead D:\phpStudy\WWW\caiji\ThinkPHP\Lib\Template\ThinkTemplate.class.php 第 404 行.
NOTIC: [2] preg_replace(): The /e modifier is no longer supported, use preg_replace_callback instead D:\phpStudy\WWW\caiji\ThinkPHP\Lib\Template\ThinkTemplate.class.php 第 404 行.
NOTIC: [2] preg_replace(): The /e modifier is no longer supported, use preg_replace_callback instead D:\phpStudy\WWW\caiji\ThinkPHP\Lib\Template\ThinkTemplate.class.php 第 404 行.
NOTIC: [2] preg_replace(): The /e modifier is no longer supported, use preg_replace_callback instead D:\phpStudy\WWW\caiji\ThinkPHP\Lib\Template\ThinkTemplate.class.php 第 404 行.
NOTIC: [2] preg_replace(): The /e modifier is no longer supported, use preg_replace_callback instead D:\phpStudy\WWW\caiji\ThinkPHP\Lib\Template\ThinkTemplate.class.php 第 399 行.
NOTIC: [2] preg_replace(): The /e modifier is no longer supported, use preg_replace_callback instead D:\phpStudy\WWW\caiji\ThinkPHP\Lib\Template\ThinkTemplate.class.php 第 399 行.
NOTIC: [2] preg_replace(): The /e modifier is no longer supported, use preg_replace_callback instead D:\phpStudy\WWW\caiji\ThinkPHP\Lib\Template\ThinkTemplate.class.php 第 399 行.
NOTIC: [2] preg_replace(): The /e modifier is no longer supported, use preg_replace_callback instead D:\phpStudy\WWW\caiji\ThinkPHP\Lib\Template\ThinkTemplate.class.php 第 399 行.
NOTIC: [2] preg_replace(): The /e modifier is no longer supported, use preg_replace_callback instead D:\phpStudy\WWW\caiji\ThinkPHP\Lib\Template\ThinkTemplate.class.php 第 399 行.
NOTIC: [2] preg_replace(): The /e modifier is no longer supported, use preg_replace_callback instead D:\phpStudy\WWW\caiji\ThinkPHP\Lib\Template\ThinkTemplate.class.php 第 399 行.
NOTIC: [2] preg_replace(): The /e modifier is no longer supported, use preg_replace_callback instead D:\phpStudy\WWW\caiji\ThinkPHP\Lib\Template\ThinkTemplate.class.php 第 404 行.
NOTIC: [2] preg_replace(): The /e modifier is no longer supported, use preg_replace_callback instead D:\phpStudy\WWW\caiji\ThinkPHP\Lib\Template\ThinkTemplate.class.php 第 404 行.
NOTIC: [2] preg_replace(): The /e modifier is no longer supported, use preg_replace_callback instead D:\phpStudy\WWW\caiji\ThinkPHP\Lib\Template\ThinkTemplate.class.php 第 404 行.
NOTIC: [2] preg_replace(): The /e modifier is no longer supported, use preg_replace_callback instead D:\phpStudy\WWW\caiji\ThinkPHP\Lib\Template\ThinkTemplate.class.php 第 197 行.
NOTIC: [2] preg_replace(): The /e modifier is no longer supported, use preg_replace_callback instead D:\phpStudy\WWW\caiji\ThinkPHP\Lib\Template\ThinkTemplate.class.php 第 137 行.
INFO: ParseTemplate Behavior ::run [ RunTime:0.080000s ]
INFO: [ view_parse ] --END-- [ RunTime:0.081000s ]
INFO: [ view_filter ] --START--
INFO: ContentReplace Behavior ::run [ RunTime:0.000000s ]
INFO: TokenBuild Behavior ::run [ RunTime:0.000000s ]
INFO: WriteHtmlCache Behavior ::run [ RunTime:0.000000s ]
INFO: ShowRuntime Behavior ::run [ RunTime:0.001000s ]
INFO: [ view_filter ] --END-- [ RunTime:0.001000s ]
INFO: [ view_end ] --START--
INFO: ShowPageTrace Behavior ::run [ RunTime:0.000000s ]
INFO: [ view_end ] --END-- [ RunTime:0.000000s ]

[ 2017-11-22T15:54:48+08:00 ] 127.0.0.1 /index.php
INFO: [ app_begin ] --START--
INFO: ReadHtmlCache Behavior ::run [ RunTime:0.001000s ]
INFO: [ app_begin ] --END-- [ RunTime:0.001000s ]
INFO: [ view_parse ] --START--
NOTIC: [2] preg_replace(): The /e modifier is no longer supported, use preg_replace_callback instead D:\phpStudy\WWW\caiji\ThinkPHP\Lib\Template\ThinkTemplate.class.php 第 273 行.
NOTIC: [2] preg_replace(): The /e modifier is no longer supported, use preg_replace_callback instead D:\phpStudy\WWW\caiji\ThinkPHP\Lib\Template\ThinkTemplate.class.php 第 168 行.
NOTIC: [2] preg_replace(): The /e modifier is no longer supported, use preg_replace_callback instead D:\phpStudy\WWW\caiji\ThinkPHP\Lib\Template\ThinkTemplate.class.php 第 404 行.
NOTIC: [2] preg_replace(): The /e modifier is no longer supported, use preg_replace_callback instead D:\phpStudy\WWW\caiji\ThinkPHP\Lib\Template\ThinkTemplate.class.php 第 404 行.
NOTIC: [2] preg_replace(): The /e modifier is no longer supported, use preg_replace_callback instead D:\phpStudy\WWW\caiji\ThinkPHP\Lib\Template\ThinkTemplate.class.php 第 404 行.
NOTIC: [2] preg_replace(): The /e modifier is no longer supported, use preg_replace_callback instead D:\phpStudy\WWW\caiji\ThinkPHP\Lib\Template\ThinkTemplate.class.php 第 404 行.
NOTIC: [2] preg_replace(): The /e modifier is no longer supported, use preg_replace_callback instead D:\phpStudy\WWW\caiji\ThinkPHP\Lib\Template\ThinkTemplate.class.php 第 404 行.
NOTIC: [2] preg_replace(): The /e modifier is no longer supported, use preg_replace_callback instead D:\phpStudy\WWW\caiji\ThinkPHP\Lib\Template\ThinkTemplate.class.php 第 404 行.
NOTIC: [2] preg_replace(): The /e modifier is no longer supported, use preg_replace_callback instead D:\phpStudy\WWW\caiji\ThinkPHP\Lib\Template\ThinkTemplate.class.php 第 404 行.
NOTIC: [2] preg_replace(): The /e modifier is no longer supported, use preg_replace_callback instead D:\phpStudy\WWW\caiji\ThinkPHP\Lib\Template\ThinkTemplate.class.php 第 404 行.
NOTIC: [2] preg_replace(): The /e modifier is no longer supported, use preg_replace_callback instead D:\phpStudy\WWW\caiji\ThinkPHP\Lib\Template\ThinkTemplate.class.php 第 404 行.
NOTIC: [2] preg_replace(): The /e modifier is no longer supported, use preg_replace_callback instead D:\phpStudy\WWW\caiji\ThinkPHP\Lib\Template\ThinkTemplate.class.php 第 404 行.
NOTIC: [2] preg_replace(): The /e modifier is no longer supported, use preg_replace_callback instead D:\phpStudy\WWW\caiji\ThinkPHP\Lib\Template\ThinkTemplate.class.php 第 404 行.
NOTIC: [2] preg_replace(): The /e modifier is no longer supported, use preg_replace_callback instead D:\phpStudy\WWW\caiji\ThinkPHP\Lib\Template\ThinkTemplate.class.php 第 404 行.
NOTIC: [2] preg_replace(): The /e modifier is no longer supported, use preg_replace_callback instead D:\phpStudy\WWW\caiji\ThinkPHP\Lib\Template\ThinkTemplate.class.php 第 399 行.
NOTIC: [2] preg_replace(): The /e modifier is no longer supported, use preg_replace_callback instead D:\phpStudy\WWW\caiji\ThinkPHP\Lib\Template\ThinkTemplate.class.php 第 399 行.
NOTIC: [2] preg_replace(): The /e modifier is no longer supported, use preg_replace_callback instead D:\phpStudy\WWW\caiji\ThinkPHP\Lib\Template\ThinkTemplate.class.php 第 404 行.
NOTIC: [2] preg_replace(): The /e modifier is no longer supported, use preg_replace_callback instead D:\phpStudy\WWW\caiji\ThinkPHP\Lib\Template\ThinkTemplate.class.php 第 404 行.
NOTIC: [2] preg_replace(): The /e modifier is no longer supported, use preg_replace_callback instead D:\phpStudy\WWW\caiji\ThinkPHP\Lib\Template\ThinkTemplate.class.php 第 404 行.
NOTIC: [2] preg_replace(): The /e modifier is no longer supported, use preg_replace_callback instead D:\phpStudy\WWW\caiji\ThinkPHP\Lib\Template\ThinkTemplate.class.php 第 399 行.
NOTIC: [2] preg_replace(): The /e modifier is no longer supported, use preg_replace_callback instead D:\phpStudy\WWW\caiji\ThinkPHP\Lib\Template\ThinkTemplate.class.php 第 404 行.
NOTIC: [2] preg_replace(): The /e modifier is no longer supported, use preg_replace_callback instead D:\phpStudy\WWW\caiji\ThinkPHP\Lib\Template\ThinkTemplate.class.php 第 404 行.
NOTIC: [2] preg_replace(): The /e modifier is no longer supported, use preg_replace_callback instead D:\phpStudy\WWW\caiji\ThinkPHP\Lib\Template\ThinkTemplate.class.php 第 404 行.
NOTIC: [2] preg_replace(): The /e modifier is no longer supported, use preg_replace_callback instead D:\phpStudy\WWW\caiji\ThinkPHP\Lib\Template\ThinkTemplate.class.php 第 404 行.
NOTIC: [2] preg_replace(): The /e modifier is no longer supported, use preg_replace_callback instead D:\phpStudy\WWW\caiji\ThinkPHP\Lib\Template\ThinkTemplate.class.php 第 404 行.
NOTIC: [2] preg_replace(): The /e modifier is no longer supported, use preg_replace_callback instead D:\phpStudy\WWW\caiji\ThinkPHP\Lib\Template\ThinkTemplate.class.php 第 404 行.
NOTIC: [2] preg_replace(): The /e modifier is no longer supported, use preg_replace_callback instead D:\phpStudy\WWW\caiji\ThinkPHP\Lib\Template\ThinkTemplate.class.php 第 404 行.
NOTIC: [2] preg_replace(): The /e modifier is no longer supported, use preg_replace_callback instead D:\phpStudy\WWW\caiji\ThinkPHP\Lib\Template\ThinkTemplate.class.php 第 404 行.
NOTIC: [2] preg_replace(): The /e modifier is no longer supported, use preg_replace_callback instead D:\phpStudy\WWW\caiji\ThinkPHP\Lib\Template\ThinkTemplate.class.php 第 404 行.
NOTIC: [2] preg_replace(): The /e modifier is no longer supported, use preg_replace_callback instead D:\phpStudy\WWW\caiji\ThinkPHP\Lib\Template\ThinkTemplate.class.php 第 404 行.
NOTIC: [2] preg_replace(): The /e modifier is no longer supported, use preg_replace_callback instead D:\phpStudy\WWW\caiji\ThinkPHP\Lib\Template\ThinkTemplate.class.php 第 404 行.
NOTIC: [2] preg_replace(): The /e modifier is no longer supported, use preg_replace_callback instead D:\phpStudy\WWW\caiji\ThinkPHP\Lib\Template\ThinkTemplate.class.php 第 404 行.
NOTIC: [2] preg_replace(): The /e modifier is no longer supported, use preg_replace_callback instead D:\phpStudy\WWW\caiji\ThinkPHP\Lib\Template\ThinkTemplate.class.php 第 404 行.
NOTIC: [2] preg_replace(): The /e modifier is no longer supported, use preg_replace_callback instead D:\phpStudy\WWW\caiji\ThinkPHP\Lib\Template\ThinkTemplate.class.php 第 404 行.
NOTIC: [2] preg_replace(): The /e modifier is no longer supported, use preg_replace_callback instead D:\phpStudy\WWW\caiji\ThinkPHP\Lib\Template\ThinkTemplate.class.php 第 404 行.
NOTIC: [2] preg_replace(): The /e modifier is no longer supported, use preg_replace_callback instead D:\phpStudy\WWW\caiji\ThinkPHP\Lib\Template\ThinkTemplate.class.php 第 404 行.
NOTIC: [2] preg_replace(): The /e modifier is no longer supported, use preg_replace_callback instead D:\phpStudy\WWW\caiji\ThinkPHP\Lib\Template\ThinkTemplate.class.php 第 404 行.
NOTIC: [2] preg_replace(): The /e modifier is no longer supported, use preg_replace_callback instead D:\phpStudy\WWW\caiji\ThinkPHP\Lib\Template\ThinkTemplate.class.php 第 404 行.
NOTIC: [2] preg_replace(): The /e modifier is no longer supported, use preg_replace_callback instead D:\phpStudy\WWW\caiji\ThinkPHP\Lib\Template\ThinkTemplate.class.php 第 404 行.
NOTIC: [2] preg_replace(): The /e modifier is no longer supported, use preg_replace_callback instead D:\phpStudy\WWW\caiji\ThinkPHP\Lib\Template\ThinkTemplate.class.php 第 404 行.
NOTIC: [2] preg_replace(): The /e modifier is no longer supported, use preg_replace_callback instead D:\phpStudy\WWW\caiji\ThinkPHP\Lib\Template\ThinkTemplate.class.php 第 404 行.
NOTIC: [2] preg_replace(): The /e modifier is no longer supported, use preg_replace_callback instead D:\phpStudy\WWW\caiji\ThinkPHP\Lib\Template\ThinkTemplate.class.php 第 404 行.
NOTIC: [2] preg_replace(): The /e modifier is no longer supported, use preg_replace_callback instead D:\phpStudy\WWW\caiji\ThinkPHP\Lib\Template\ThinkTemplate.class.php 第 404 行.
NOTIC: [2] preg_replace(): The /e modifier is no longer supported, use preg_replace_callback instead D:\phpStudy\WWW\caiji\ThinkPHP\Lib\Template\ThinkTemplate.class.php 第 404 行.
NOTIC: [2] preg_replace(): The /e modifier is no longer supported, use preg_replace_callback instead D:\phpStudy\WWW\caiji\ThinkPHP\Lib\Template\ThinkTemplate.class.php 第 404 行.
NOTIC: [2] preg_replace(): The /e modifier is no longer supported, use preg_replace_callback instead D:\phpStudy\WWW\caiji\ThinkPHP\Lib\Template\ThinkTemplate.class.php 第 404 行.
NOTIC: [2] preg_replace(): The /e modifier is no longer supported, use preg_replace_callback instead D:\phpStudy\WWW\caiji\ThinkPHP\Lib\Template\ThinkTemplate.class.php 第 404 行.
NOTIC: [2] preg_replace(): The /e modifier is no longer supported, use preg_replace_callback instead D:\phpStudy\WWW\caiji\ThinkPHP\Lib\Template\ThinkTemplate.class.php 第 404 行.
NOTIC: [2] preg_replace(): The /e modifier is no longer supported, use preg_replace_callback instead D:\phpStudy\WWW\caiji\ThinkPHP\Lib\Template\ThinkTemplate.class.php 第 404 行.
NOTIC: [2] preg_replace(): The /e modifier is no longer supported, use preg_replace_callback instead D:\phpStudy\WWW\caiji\ThinkPHP\Lib\Template\ThinkTemplate.class.php 第 404 行.
NOTIC: [2] preg_replace(): The /e modifier is no longer supported, use preg_replace_callback instead D:\phpStudy\WWW\caiji\ThinkPHP\Lib\Template\ThinkTemplate.class.php 第 404 行.
NOTIC: [2] preg_replace(): The /e modifier is no longer supported, use preg_replace_callback instead D:\phpStudy\WWW\caiji\ThinkPHP\Lib\Template\ThinkTemplate.class.php 第 404 行.
NOTIC: [2] preg_replace(): The /e modifier is no longer supported, use preg_replace_callback instead D:\phpStudy\WWW\caiji\ThinkPHP\Lib\Template\ThinkTemplate.class.php 第 404 行.
NOTIC: [2] preg_replace(): The /e modifier is no longer supported, use preg_replace_callback instead D:\phpStudy\WWW\caiji\ThinkPHP\Lib\Template\ThinkTemplate.class.php 第 404 行.
NOTIC: [2] preg_replace(): The /e modifier is no longer supported, use preg_replace_callback instead D:\phpStudy\WWW\caiji\ThinkPHP\Lib\Template\ThinkTemplate.class.php 第 404 行.
NOTIC: [2] preg_replace(): The /e modifier is no longer supported, use preg_replace_callback instead D:\phpStudy\WWW\caiji\ThinkPHP\Lib\Template\ThinkTemplate.class.php 第 404 行.
NOTIC: [2] preg_replace(): The /e modifier is no longer supported, use preg_replace_callback instead D:\phpStudy\WWW\caiji\ThinkPHP\Lib\Template\ThinkTemplate.class.php 第 404 行.
NOTIC: [2] preg_replace(): The /e modifier is no longer supported, use preg_replace_callback instead D:\phpStudy\WWW\caiji\ThinkPHP\Lib\Template\ThinkTemplate.class.php 第 404 行.
NOTIC: [2] preg_replace(): The /e modifier is no longer supported, use preg_replace_callback instead D:\phpStudy\WWW\caiji\ThinkPHP\Lib\Template\ThinkTemplate.class.php 第 404 行.
NOTIC: [2] preg_replace(): The /e modifier is no longer supported, use preg_replace_callback instead D:\phpStudy\WWW\caiji\ThinkPHP\Lib\Template\ThinkTemplate.class.php 第 404 行.
NOTIC: [2] preg_replace(): The /e modifier is no longer supported, use preg_replace_callback instead D:\phpStudy\WWW\caiji\ThinkPHP\Lib\Template\ThinkTemplate.class.php 第 404 行.
NOTIC: [2] preg_replace(): The /e modifier is no longer supported, use preg_replace_callback instead D:\phpStudy\WWW\caiji\ThinkPHP\Lib\Template\ThinkTemplate.class.php 第 404 行.
NOTIC: [2] preg_replace(): The /e modifier is no longer supported, use preg_replace_callback instead D:\phpStudy\WWW\caiji\ThinkPHP\Lib\Template\ThinkTemplate.class.php 第 404 行.
NOTIC: [2] preg_replace(): The /e modifier is no longer supported, use preg_replace_callback instead D:\phpStudy\WWW\caiji\ThinkPHP\Lib\Template\ThinkTemplate.class.php 第 404 行.
NOTIC: [2] preg_replace(): The /e modifier is no longer supported, use preg_replace_callback instead D:\phpStudy\WWW\caiji\ThinkPHP\Lib\Template\ThinkTemplate.class.php 第 404 行.
NOTIC: [2] preg_replace(): The /e modifier is no longer supported, use preg_replace_callback instead D:\phpStudy\WWW\caiji\ThinkPHP\Lib\Template\ThinkTemplate.class.php 第 404 行.
NOTIC: [2] preg_replace(): The /e modifier is no longer supported, use preg_replace_callback instead D:\phpStudy\WWW\caiji\ThinkPHP\Lib\Template\ThinkTemplate.class.php 第 404 行.
NOTIC: [2] preg_replace(): The /e modifier is no longer supported, use preg_replace_callback instead D:\phpStudy\WWW\caiji\ThinkPHP\Lib\Template\ThinkTemplate.class.php 第 404 行.
NOTIC: [2] preg_replace(): The /e modifier is no longer supported, use preg_replace_callback instead D:\phpStudy\WWW\caiji\ThinkPHP\Lib\Template\ThinkTemplate.class.php 第 404 行.
NOTIC: [2] preg_replace(): The /e modifier is no longer supported, use preg_replace_callback instead D:\phpStudy\WWW\caiji\ThinkPHP\Lib\Template\ThinkTemplate.class.php 第 404 行.
NOTIC: [2] preg_replace(): The /e modifier is no longer supported, use preg_replace_callback instead D:\phpStudy\WWW\caiji\ThinkPHP\Lib\Template\ThinkTemplate.class.php 第 404 行.
NOTIC: [2] preg_replace(): The /e modifier is no longer supported, use preg_replace_callback instead D:\phpStudy\WWW\caiji\ThinkPHP\Lib\Template\ThinkTemplate.class.php 第 404 行.
NOTIC: [2] preg_replace(): The /e modifier is no longer supported, use preg_replace_callback instead D:\phpStudy\WWW\caiji\ThinkPHP\Lib\Template\ThinkTemplate.class.php 第 404 行.
NOTIC: [2] preg_replace(): The /e modifier is no longer supported, use preg_replace_callback instead D:\phpStudy\WWW\caiji\ThinkPHP\Lib\Template\ThinkTemplate.class.php 第 404 行.
NOTIC: [2] preg_replace(): The /e modifier is no longer supported, use preg_replace_callback instead D:\phpStudy\WWW\caiji\ThinkPHP\Lib\Template\ThinkTemplate.class.php 第 404 行.
NOTIC: [2] preg_replace(): The /e modifier is no longer supported, use preg_replace_callback instead D:\phpStudy\WWW\caiji\ThinkPHP\Lib\Template\ThinkTemplate.class.php 第 404 行.
NOTIC: [2] preg_replace(): The /e modifier is no longer supported, use preg_replace_callback instead D:\phpStudy\WWW\caiji\ThinkPHP\Lib\Template\ThinkTemplate.class.php 第 404 行.
NOTIC: [2] preg_replace(): The /e modifier is no longer supported, use preg_replace_callback instead D:\phpStudy\WWW\caiji\ThinkPHP\Lib\Template\ThinkTemplate.class.php 第 404 行.
NOTIC: [2] preg_replace(): The /e modifier is no longer supported, use preg_replace_callback instead D:\phpStudy\WWW\caiji\ThinkPHP\Lib\Template\ThinkTemplate.class.php 第 404 行.
NOTIC: [2] preg_replace(): The /e modifier is no longer supported, use preg_replace_callback instead D:\phpStudy\WWW\caiji\ThinkPHP\Lib\Template\ThinkTemplate.class.php 第 404 行.
NOTIC: [2] preg_replace(): The /e modifier is no longer supported, use preg_replace_callback instead D:\phpStudy\WWW\caiji\ThinkPHP\Lib\Template\ThinkTemplate.class.php 第 404 行.
NOTIC: [2] preg_replace(): The /e modifier is no longer supported, use preg_replace_callback instead D:\phpStudy\WWW\caiji\ThinkPHP\Lib\Template\ThinkTemplate.class.php 第 404 行.
NOTIC: [2] preg_replace(): The /e modifier is no longer supported, use preg_replace_callback instead D:\phpStudy\WWW\caiji\ThinkPHP\Lib\Template\ThinkTemplate.class.php 第 404 行.
NOTIC: [2] preg_replace(): The /e modifier is no longer supported, use preg_replace_callback instead D:\phpStudy\WWW\caiji\ThinkPHP\Lib\Template\ThinkTemplate.class.php 第 404 行.
NOTIC: [2] preg_replace(): The /e modifier is no longer supported, use preg_replace_callback instead D:\phpStudy\WWW\caiji\ThinkPHP\Lib\Template\ThinkTemplate.class.php 第 404 行.
NOTIC: [2] preg_replace(): The /e modifier is no longer supported, use preg_replace_callback instead D:\phpStudy\WWW\caiji\ThinkPHP\Lib\Template\ThinkTemplate.class.php 第 404 行.
NOTIC: [2] preg_replace(): The /e modifier is no longer supported, use preg_replace_callback instead D:\phpStudy\WWW\caiji\ThinkPHP\Lib\Template\ThinkTemplate.class.php 第 399 行.
NOTIC: [2] preg_replace(): The /e modifier is no longer supported, use preg_replace_callback instead D:\phpStudy\WWW\caiji\ThinkPHP\Lib\Template\ThinkTemplate.class.php 第 399 行.
NOTIC: [2] preg_replace(): The /e modifier is no longer supported, use preg_replace_callback instead D:\phpStudy\WWW\caiji\ThinkPHP\Lib\Template\ThinkTemplate.class.php 第 399 行.
NOTIC: [2] preg_replace(): The /e modifier is no longer supported, use preg_replace_callback instead D:\phpStudy\WWW\caiji\ThinkPHP\Lib\Template\ThinkTemplate.class.php 第 399 行.
NOTIC: [2] preg_replace(): The /e modifier is no longer supported, use preg_replace_callback instead D:\phpStudy\WWW\caiji\ThinkPHP\Lib\Template\ThinkTemplate.class.php 第 399 行.
NOTIC: [2] preg_replace(): The /e modifier is no longer supported, use preg_replace_callback instead D:\phpStudy\WWW\caiji\ThinkPHP\Lib\Template\ThinkTemplate.class.php 第 399 行.
NOTIC: [2] preg_replace(): The /e modifier is no longer supported, use preg_replace_callback instead D:\phpStudy\WWW\caiji\ThinkPHP\Lib\Template\ThinkTemplate.class.php 第 404 行.
NOTIC: [2] preg_replace(): The /e modifier is no longer supported, use preg_replace_callback instead D:\phpStudy\WWW\caiji\ThinkPHP\Lib\Template\ThinkTemplate.class.php 第 404 行.
NOTIC: [2] preg_replace(): The /e modifier is no longer supported, use preg_replace_callback instead D:\phpStudy\WWW\caiji\ThinkPHP\Lib\Template\ThinkTemplate.class.php 第 404 行.
NOTIC: [2] preg_replace(): The /e modifier is no longer supported, use preg_replace_callback instead D:\phpStudy\WWW\caiji\ThinkPHP\Lib\Template\ThinkTemplate.class.php 第 197 行.
NOTIC: [2] preg_replace(): The /e modifier is no longer supported, use preg_replace_callback instead D:\phpStudy\WWW\caiji\ThinkPHP\Lib\Template\ThinkTemplate.class.php 第 137 行.
INFO: ParseTemplate Behavior ::run [ RunTime:0.005000s ]
INFO: [ view_parse ] --END-- [ RunTime:0.005000s ]
INFO: [ view_filter ] --START--
INFO: ContentReplace Behavior ::run [ RunTime:0.001000s ]
INFO: TokenBuild Behavior ::run [ RunTime:0.000000s ]
INFO: WriteHtmlCache Behavior ::run [ RunTime:0.000000s ]
INFO: ShowRuntime Behavior ::run [ RunTime:0.001000s ]
INFO: [ view_filter ] --END-- [ RunTime:0.002000s ]
INFO: [ view_end ] --START--
INFO: ShowPageTrace Behavior ::run [ RunTime:0.000000s ]
INFO: [ view_end ] --END-- [ RunTime:0.000000s ]

[ 2017-11-22T15:54:49+08:00 ] 127.0.0.1 /index.php
INFO: [ app_begin ] --START--
INFO: ReadHtmlCache Behavior ::run [ RunTime:0.000000s ]
INFO: [ app_begin ] --END-- [ RunTime:0.000000s ]
INFO: [ view_parse ] --START--
NOTIC: [2] preg_replace(): The /e modifier is no longer supported, use preg_replace_callback instead D:\phpStudy\WWW\caiji\ThinkPHP\Lib\Template\ThinkTemplate.class.php 第 273 行.
NOTIC: [2] preg_replace(): The /e modifier is no longer supported, use preg_replace_callback instead D:\phpStudy\WWW\caiji\ThinkPHP\Lib\Template\ThinkTemplate.class.php 第 168 行.
NOTIC: [2] preg_replace(): The /e modifier is no longer supported, use preg_replace_callback instead D:\phpStudy\WWW\caiji\ThinkPHP\Lib\Template\ThinkTemplate.class.php 第 404 行.
NOTIC: [2] preg_replace(): The /e modifier is no longer supported, use preg_replace_callback instead D:\phpStudy\WWW\caiji\ThinkPHP\Lib\Template\ThinkTemplate.class.php 第 404 行.
NOTIC: [2] preg_replace(): The /e modifier is no longer supported, use preg_replace_callback instead D:\phpStudy\WWW\caiji\ThinkPHP\Lib\Template\ThinkTemplate.class.php 第 404 行.
NOTIC: [2] preg_replace(): The /e modifier is no longer supported, use preg_replace_callback instead D:\phpStudy\WWW\caiji\ThinkPHP\Lib\Template\ThinkTemplate.class.php 第 404 行.
NOTIC: [2] preg_replace(): The /e modifier is no longer supported, use preg_replace_callback instead D:\phpStudy\WWW\caiji\ThinkPHP\Lib\Template\ThinkTemplate.class.php 第 404 行.
NOTIC: [2] preg_replace(): The /e modifier is no longer supported, use preg_replace_callback instead D:\phpStudy\WWW\caiji\ThinkPHP\Lib\Template\ThinkTemplate.class.php 第 404 行.
NOTIC: [2] preg_replace(): The /e modifier is no longer supported, use preg_replace_callback instead D:\phpStudy\WWW\caiji\ThinkPHP\Lib\Template\ThinkTemplate.class.php 第 404 行.
NOTIC: [2] preg_replace(): The /e modifier is no longer supported, use preg_replace_callback instead D:\phpStudy\WWW\caiji\ThinkPHP\Lib\Template\ThinkTemplate.class.php 第 404 行.
NOTIC: [2] preg_replace(): The /e modifier is no longer supported, use preg_replace_callback instead D:\phpStudy\WWW\caiji\ThinkPHP\Lib\Template\ThinkTemplate.class.php 第 404 行.
NOTIC: [2] preg_replace(): The /e modifier is no longer supported, use preg_replace_callback instead D:\phpStudy\WWW\caiji\ThinkPHP\Lib\Template\ThinkTemplate.class.php 第 404 行.
NOTIC: [2] preg_replace(): The /e modifier is no longer supported, use preg_replace_callback instead D:\phpStudy\WWW\caiji\ThinkPHP\Lib\Template\ThinkTemplate.class.php 第 404 行.
NOTIC: [2] preg_replace(): The /e modifier is no longer supported, use preg_replace_callback instead D:\phpStudy\WWW\caiji\ThinkPHP\Lib\Template\ThinkTemplate.class.php 第 404 行.
NOTIC: [2] preg_replace(): The /e modifier is no longer supported, use preg_replace_callback instead D:\phpStudy\WWW\caiji\ThinkPHP\Lib\Template\ThinkTemplate.class.php 第 399 行.
NOTIC: [2] preg_replace(): The /e modifier is no longer supported, use preg_replace_callback instead D:\phpStudy\WWW\caiji\ThinkPHP\Lib\Template\ThinkTemplate.class.php 第 399 行.
NOTIC: [2] preg_replace(): The /e modifier is no longer supported, use preg_replace_callback instead D:\phpStudy\WWW\caiji\ThinkPHP\Lib\Template\ThinkTemplate.class.php 第 404 行.
NOTIC: [2] preg_replace(): The /e modifier is no longer supported, use preg_replace_callback instead D:\phpStudy\WWW\caiji\ThinkPHP\Lib\Template\ThinkTemplate.class.php 第 404 行.
NOTIC: [2] preg_replace(): The /e modifier is no longer supported, use preg_replace_callback instead D:\phpStudy\WWW\caiji\ThinkPHP\Lib\Template\ThinkTemplate.class.php 第 404 行.
NOTIC: [2] preg_replace(): The /e modifier is no longer supported, use preg_replace_callback instead D:\phpStudy\WWW\caiji\ThinkPHP\Lib\Template\ThinkTemplate.class.php 第 399 行.
NOTIC: [2] preg_replace(): The /e modifier is no longer supported, use preg_replace_callback instead D:\phpStudy\WWW\caiji\ThinkPHP\Lib\Template\ThinkTemplate.class.php 第 404 行.
NOTIC: [2] preg_replace(): The /e modifier is no longer supported, use preg_replace_callback instead D:\phpStudy\WWW\caiji\ThinkPHP\Lib\Template\ThinkTemplate.class.php 第 404 行.
NOTIC: [2] preg_replace(): The /e modifier is no longer supported, use preg_replace_callback instead D:\phpStudy\WWW\caiji\ThinkPHP\Lib\Template\ThinkTemplate.class.php 第 404 行.
NOTIC: [2] preg_replace(): The /e modifier is no longer supported, use preg_replace_callback instead D:\phpStudy\WWW\caiji\ThinkPHP\Lib\Template\ThinkTemplate.class.php 第 404 行.
NOTIC: [2] preg_replace(): The /e modifier is no longer supported, use preg_replace_callback instead D:\phpStudy\WWW\caiji\ThinkPHP\Lib\Template\ThinkTemplate.class.php 第 404 行.
NOTIC: [2] preg_replace(): The /e modifier is no longer supported, use preg_replace_callback instead D:\phpStudy\WWW\caiji\ThinkPHP\Lib\Template\ThinkTemplate.class.php 第 404 行.
NOTIC: [2] preg_replace(): The /e modifier is no longer supported, use preg_replace_callback instead D:\phpStudy\WWW\caiji\ThinkPHP\Lib\Template\ThinkTemplate.class.php 第 404 行.
NOTIC: [2] preg_replace(): The /e modifier is no longer supported, use preg_replace_callback instead D:\phpStudy\WWW\caiji\ThinkPHP\Lib\Template\ThinkTemplate.class.php 第 404 行.
NOTIC: [2] preg_replace(): The /e modifier is no longer supported, use preg_replace_callback instead D:\phpStudy\WWW\caiji\ThinkPHP\Lib\Template\ThinkTemplate.class.php 第 404 行.
NOTIC: [2] preg_replace(): The /e modifier is no longer supported, use preg_replace_callback instead D:\phpStudy\WWW\caiji\ThinkPHP\Lib\Template\ThinkTemplate.class.php 第 404 行.
NOTIC: [2] preg_replace(): The /e modifier is no longer supported, use preg_replace_callback instead D:\phpStudy\WWW\caiji\ThinkPHP\Lib\Template\ThinkTemplate.class.php 第 404 行.
NOTIC: [2] preg_replace(): The /e modifier is no longer supported, use preg_replace_callback instead D:\phpStudy\WWW\caiji\ThinkPHP\Lib\Template\ThinkTemplate.class.php 第 404 行.
NOTIC: [2] preg_replace(): The /e modifier is no longer supported, use preg_replace_callback instead D:\phpStudy\WWW\caiji\ThinkPHP\Lib\Template\ThinkTemplate.class.php 第 404 行.
NOTIC: [2] preg_replace(): The /e modifier is no longer supported, use preg_replace_callback instead D:\phpStudy\WWW\caiji\ThinkPHP\Lib\Template\ThinkTemplate.class.php 第 404 行.
NOTIC: [2] preg_replace(): The /e modifier is no longer supported, use preg_replace_callback instead D:\phpStudy\WWW\caiji\ThinkPHP\Lib\Template\ThinkTemplate.class.php 第 404 行.
NOTIC: [2] preg_replace(): The /e modifier is no longer supported, use preg_replace_callback instead D:\phpStudy\WWW\caiji\ThinkPHP\Lib\Template\ThinkTemplate.class.php 第 404 行.
NOTIC: [2] preg_replace(): The /e modifier is no longer supported, use preg_replace_callback instead D:\phpStudy\WWW\caiji\ThinkPHP\Lib\Template\ThinkTemplate.class.php 第 404 行.
NOTIC: [2] preg_replace(): The /e modifier is no longer supported, use preg_replace_callback instead D:\phpStudy\WWW\caiji\ThinkPHP\Lib\Template\ThinkTemplate.class.php 第 404 行.
NOTIC: [2] preg_replace(): The /e modifier is no longer supported, use preg_replace_callback instead D:\phpStudy\WWW\caiji\ThinkPHP\Lib\Template\ThinkTemplate.class.php 第 404 行.
NOTIC: [2] preg_replace(): The /e modifier is no longer supported, use preg_replace_callback instead D:\phpStudy\WWW\caiji\ThinkPHP\Lib\Template\ThinkTemplate.class.php 第 404 行.
NOTIC: [2] preg_replace(): The /e modifier is no longer supported, use preg_replace_callback instead D:\phpStudy\WWW\caiji\ThinkPHP\Lib\Template\ThinkTemplate.class.php 第 404 行.
NOTIC: [2] preg_replace(): The /e modifier is no longer supported, use preg_replace_callback instead D:\phpStudy\WWW\caiji\ThinkPHP\Lib\Template\ThinkTemplate.class.php 第 404 行.
NOTIC: [2] preg_replace(): The /e modifier is no longer supported, use preg_replace_callback instead D:\phpStudy\WWW\caiji\ThinkPHP\Lib\Template\ThinkTemplate.class.php 第 404 行.
NOTIC: [2] preg_replace(): The /e modifier is no longer supported, use preg_replace_callback instead D:\phpStudy\WWW\caiji\ThinkPHP\Lib\Template\ThinkTemplate.class.php 第 404 行.
NOTIC: [2] preg_replace(): The /e modifier is no longer supported, use preg_replace_callback instead D:\phpStudy\WWW\caiji\ThinkPHP\Lib\Template\ThinkTemplate.class.php 第 404 行.
NOTIC: [2] preg_replace(): The /e modifier is no longer supported, use preg_replace_callback instead D:\phpStudy\WWW\caiji\ThinkPHP\Lib\Template\ThinkTemplate.class.php 第 404 行.
NOTIC: [2] preg_replace(): The /e modifier is no longer supported, use preg_replace_callback instead D:\phpStudy\WWW\caiji\ThinkPHP\Lib\Template\ThinkTemplate.class.php 第 404 行.
NOTIC: [2] preg_replace(): The /e modifier is no longer supported, use preg_replace_callback instead D:\phpStudy\WWW\caiji\ThinkPHP\Lib\Template\ThinkTemplate.class.php 第 404 行.
NOTIC: [2] preg_replace(): The /e modifier is no longer supported, use preg_replace_callback instead D:\phpStudy\WWW\caiji\ThinkPHP\Lib\Template\ThinkTemplate.class.php 第 404 行.
NOTIC: [2] preg_replace(): The /e modifier is no longer supported, use preg_replace_callback instead D:\phpStudy\WWW\caiji\ThinkPHP\Lib\Template\ThinkTemplate.class.php 第 404 行.
NOTIC: [2] preg_replace(): The /e modifier is no longer supported, use preg_replace_callback instead D:\phpStudy\WWW\caiji\ThinkPHP\Lib\Template\ThinkTemplate.class.php 第 404 行.
NOTIC: [2] preg_replace(): The /e modifier is no longer supported, use preg_replace_callback instead D:\phpStudy\WWW\caiji\ThinkPHP\Lib\Template\ThinkTemplate.class.php 第 404 行.
NOTIC: [2] preg_replace(): The /e modifier is no longer supported, use preg_replace_callback instead D:\phpStudy\WWW\caiji\ThinkPHP\Lib\Template\ThinkTemplate.class.php 第 404 行.
NOTIC: [2] preg_replace(): The /e modifier is no longer supported, use preg_replace_callback instead D:\phpStudy\WWW\caiji\ThinkPHP\Lib\Template\ThinkTemplate.class.php 第 404 行.
NOTIC: [2] preg_replace(): The /e modifier is no longer supported, use preg_replace_callback instead D:\phpStudy\WWW\caiji\ThinkPHP\Lib\Template\ThinkTemplate.class.php 第 404 行.
NOTIC: [2] preg_replace(): The /e modifier is no longer supported, use preg_replace_callback instead D:\phpStudy\WWW\caiji\ThinkPHP\Lib\Template\ThinkTemplate.class.php 第 404 行.
NOTIC: [2] preg_replace(): The /e modifier is no longer supported, use preg_replace_callback instead D:\phpStudy\WWW\caiji\ThinkPHP\Lib\Template\ThinkTemplate.class.php 第 404 行.
NOTIC: [2] preg_replace(): The /e modifier is no longer supported, use preg_replace_callback instead D:\phpStudy\WWW\caiji\ThinkPHP\Lib\Template\ThinkTemplate.class.php 第 404 行.
NOTIC: [2] preg_replace(): The /e modifier is no longer supported, use preg_replace_callback instead D:\phpStudy\WWW\caiji\ThinkPHP\Lib\Template\ThinkTemplate.class.php 第 404 行.
NOTIC: [2] preg_replace(): The /e modifier is no longer supported, use preg_replace_callback instead D:\phpStudy\WWW\caiji\ThinkPHP\Lib\Template\ThinkTemplate.class.php 第 404 行.
NOTIC: [2] preg_replace(): The /e modifier is no longer supported, use preg_replace_callback instead D:\phpStudy\WWW\caiji\ThinkPHP\Lib\Template\ThinkTemplate.class.php 第 404 行.
NOTIC: [2] preg_replace(): The /e modifier is no longer supported, use preg_replace_callback instead D:\phpStudy\WWW\caiji\ThinkPHP\Lib\Template\ThinkTemplate.class.php 第 404 行.
NOTIC: [2] preg_replace(): The /e modifier is no longer supported, use preg_replace_callback instead D:\phpStudy\WWW\caiji\ThinkPHP\Lib\Template\ThinkTemplate.class.php 第 404 行.
NOTIC: [2] preg_replace(): The /e modifier is no longer supported, use preg_replace_callback instead D:\phpStudy\WWW\caiji\ThinkPHP\Lib\Template\ThinkTemplate.class.php 第 404 行.
NOTIC: [2] preg_replace(): The /e modifier is no longer supported, use preg_replace_callback instead D:\phpStudy\WWW\caiji\ThinkPHP\Lib\Template\ThinkTemplate.class.php 第 404 行.
NOTIC: [2] preg_replace(): The /e modifier is no longer supported, use preg_replace_callback instead D:\phpStudy\WWW\caiji\ThinkPHP\Lib\Template\ThinkTemplate.class.php 第 404 行.
NOTIC: [2] preg_replace(): The /e modifier is no longer supported, use preg_replace_callback instead D:\phpStudy\WWW\caiji\ThinkPHP\Lib\Template\ThinkTemplate.class.php 第 404 行.
NOTIC: [2] preg_replace(): The /e modifier is no longer supported, use preg_replace_callback instead D:\phpStudy\WWW\caiji\ThinkPHP\Lib\Template\ThinkTemplate.class.php 第 404 行.
NOTIC: [2] preg_replace(): The /e modifier is no longer supported, use preg_replace_callback instead D:\phpStudy\WWW\caiji\ThinkPHP\Lib\Template\ThinkTemplate.class.php 第 404 行.
NOTIC: [2] preg_replace(): The /e modifier is no longer supported, use preg_replace_callback instead D:\phpStudy\WWW\caiji\ThinkPHP\Lib\Template\ThinkTemplate.class.php 第 404 行.
NOTIC: [2] preg_replace(): The /e modifier is no longer supported, use preg_replace_callback instead D:\phpStudy\WWW\caiji\ThinkPHP\Lib\Template\ThinkTemplate.class.php 第 404 行.
NOTIC: [2] preg_replace(): The /e modifier is no longer supported, use preg_replace_callback instead D:\phpStudy\WWW\caiji\ThinkPHP\Lib\Template\ThinkTemplate.class.php 第 404 行.
NOTIC: [2] preg_replace(): The /e modifier is no longer supported, use preg_replace_callback instead D:\phpStudy\WWW\caiji\ThinkPHP\Lib\Template\ThinkTemplate.class.php 第 404 行.
NOTIC: [2] preg_replace(): The /e modifier is no longer supported, use preg_replace_callback instead D:\phpStudy\WWW\caiji\ThinkPHP\Lib\Template\ThinkTemplate.class.php 第 404 行.
NOTIC: [2] preg_replace(): The /e modifier is no longer supported, use preg_replace_callback instead D:\phpStudy\WWW\caiji\ThinkPHP\Lib\Template\ThinkTemplate.class.php 第 404 行.
NOTIC: [2] preg_replace(): The /e modifier is no longer supported, use preg_replace_callback instead D:\phpStudy\WWW\caiji\ThinkPHP\Lib\Template\ThinkTemplate.class.php 第 404 行.
NOTIC: [2] preg_replace(): The /e modifier is no longer supported, use preg_replace_callback instead D:\phpStudy\WWW\caiji\ThinkPHP\Lib\Template\ThinkTemplate.class.php 第 404 行.
NOTIC: [2] preg_replace(): The /e modifier is no longer supported, use preg_replace_callback instead D:\phpStudy\WWW\caiji\ThinkPHP\Lib\Template\ThinkTemplate.class.php 第 404 行.
NOTIC: [2] preg_replace(): The /e modifier is no longer supported, use preg_replace_callback instead D:\phpStudy\WWW\caiji\ThinkPHP\Lib\Template\ThinkTemplate.class.php 第 404 行.
NOTIC: [2] preg_replace(): The /e modifier is no longer supported, use preg_replace_callback instead D:\phpStudy\WWW\caiji\ThinkPHP\Lib\Template\ThinkTemplate.class.php 第 404 行.
NOTIC: [2] preg_replace(): The /e modifier is no longer supported, use preg_replace_callback instead D:\phpStudy\WWW\caiji\ThinkPHP\Lib\Template\ThinkTemplate.class.php 第 404 行.
NOTIC: [2] preg_replace(): The /e modifier is no longer supported, use preg_replace_callback instead D:\phpStudy\WWW\caiji\ThinkPHP\Lib\Template\ThinkTemplate.class.php 第 404 行.
NOTIC: [2] preg_replace(): The /e modifier is no longer supported, use preg_replace_callback instead D:\phpStudy\WWW\caiji\ThinkPHP\Lib\Template\ThinkTemplate.class.php 第 404 行.
NOTIC: [2] preg_replace(): The /e modifier is no longer supported, use preg_replace_callback instead D:\phpStudy\WWW\caiji\ThinkPHP\Lib\Template\ThinkTemplate.class.php 第 404 行.
NOTIC: [2] preg_replace(): The /e modifier is no longer supported, use preg_replace_callback instead D:\phpStudy\WWW\caiji\ThinkPHP\Lib\Template\ThinkTemplate.class.php 第 404 行.
NOTIC: [2] preg_replace(): The /e modifier is no longer supported, use preg_replace_callback instead D:\phpStudy\WWW\caiji\ThinkPHP\Lib\Template\ThinkTemplate.class.php 第 404 行.
NOTIC: [2] preg_replace(): The /e modifier is no longer supported, use preg_replace_callback instead D:\phpStudy\WWW\caiji\ThinkPHP\Lib\Template\ThinkTemplate.class.php 第 399 行.
NOTIC: [2] preg_replace(): The /e modifier is no longer supported, use preg_replace_callback instead D:\phpStudy\WWW\caiji\ThinkPHP\Lib\Template\ThinkTemplate.class.php 第 399 行.
NOTIC: [2] preg_replace(): The /e modifier is no longer supported, use preg_replace_callback instead D:\phpStudy\WWW\caiji\ThinkPHP\Lib\Template\ThinkTemplate.class.php 第 399 行.
NOTIC: [2] preg_replace(): The /e modifier is no longer supported, use preg_replace_callback instead D:\phpStudy\WWW\caiji\ThinkPHP\Lib\Template\ThinkTemplate.class.php 第 399 行.
NOTIC: [2] preg_replace(): The /e modifier is no longer supported, use preg_replace_callback instead D:\phpStudy\WWW\caiji\ThinkPHP\Lib\Template\ThinkTemplate.class.php 第 399 行.
NOTIC: [2] preg_replace(): The /e modifier is no longer supported, use preg_replace_callback instead D:\phpStudy\WWW\caiji\ThinkPHP\Lib\Template\ThinkTemplate.class.php 第 399 行.
NOTIC: [2] preg_replace(): The /e modifier is no longer supported, use preg_replace_callback instead D:\phpStudy\WWW\caiji\ThinkPHP\Lib\Template\ThinkTemplate.class.php 第 404 行.
NOTIC: [2] preg_replace(): The /e modifier is no longer supported, use preg_replace_callback instead D:\phpStudy\WWW\caiji\ThinkPHP\Lib\Template\ThinkTemplate.class.php 第 404 行.
NOTIC: [2] preg_replace(): The /e modifier is no longer supported, use preg_replace_callback instead D:\phpStudy\WWW\caiji\ThinkPHP\Lib\Template\ThinkTemplate.class.php 第 404 行.
NOTIC: [2] preg_replace(): The /e modifier is no longer supported, use preg_replace_callback instead D:\phpStudy\WWW\caiji\ThinkPHP\Lib\Template\ThinkTemplate.class.php 第 197 行.
NOTIC: [2] preg_replace(): The /e modifier is no longer supported, use preg_replace_callback instead D:\phpStudy\WWW\caiji\ThinkPHP\Lib\Template\ThinkTemplate.class.php 第 137 行.
INFO: ParseTemplate Behavior ::run [ RunTime:0.005000s ]
INFO: [ view_parse ] --END-- [ RunTime:0.005000s ]
INFO: [ view_filter ] --START--
INFO: ContentReplace Behavior ::run [ RunTime:0.001000s ]
INFO: TokenBuild Behavior ::run [ RunTime:0.000000s ]
INFO: WriteHtmlCache Behavior ::run [ RunTime:0.000000s ]
INFO: ShowRuntime Behavior ::run [ RunTime:0.000000s ]
INFO: [ view_filter ] --END-- [ RunTime:0.001000s ]
INFO: [ view_end ] --START--
INFO: ShowPageTrace Behavior ::run [ RunTime:0.001000s ]
INFO: [ view_end ] --END-- [ RunTime:0.001000s ]

[ 2017-11-22T16:05:26+08:00 ] 127.0.0.1 /index.php
INFO: [ app_begin ] --START--
INFO: ReadHtmlCache Behavior ::run [ RunTime:0.001000s ]
INFO: [ app_begin ] --END-- [ RunTime:0.001000s ]
INFO: [ view_parse ] --START--
NOTIC: [2] preg_replace(): The /e modifier is no longer supported, use preg_replace_callback instead D:\phpStudy\WWW\caiji\ThinkPHP\Lib\Template\ThinkTemplate.class.php 第 273 行.
NOTIC: [2] preg_replace(): The /e modifier is no longer supported, use preg_replace_callback instead D:\phpStudy\WWW\caiji\ThinkPHP\Lib\Template\ThinkTemplate.class.php 第 168 行.
NOTIC: [2] preg_replace(): The /e modifier is no longer supported, use preg_replace_callback instead D:\phpStudy\WWW\caiji\ThinkPHP\Lib\Template\ThinkTemplate.class.php 第 404 行.
NOTIC: [2] preg_replace(): The /e modifier is no longer supported, use preg_replace_callback instead D:\phpStudy\WWW\caiji\ThinkPHP\Lib\Template\ThinkTemplate.class.php 第 404 行.
NOTIC: [2] preg_replace(): The /e modifier is no longer supported, use preg_replace_callback instead D:\phpStudy\WWW\caiji\ThinkPHP\Lib\Template\ThinkTemplate.class.php 第 404 行.
NOTIC: [2] preg_replace(): The /e modifier is no longer supported, use preg_replace_callback instead D:\phpStudy\WWW\caiji\ThinkPHP\Lib\Template\ThinkTemplate.class.php 第 404 行.
NOTIC: [2] preg_replace(): The /e modifier is no longer supported, use preg_replace_callback instead D:\phpStudy\WWW\caiji\ThinkPHP\Lib\Template\ThinkTemplate.class.php 第 404 行.
NOTIC: [2] preg_replace(): The /e modifier is no longer supported, use preg_replace_callback instead D:\phpStudy\WWW\caiji\ThinkPHP\Lib\Template\ThinkTemplate.class.php 第 404 行.
NOTIC: [2] preg_replace(): The /e modifier is no longer supported, use preg_replace_callback instead D:\phpStudy\WWW\caiji\ThinkPHP\Lib\Template\ThinkTemplate.class.php 第 404 行.
NOTIC: [2] preg_replace(): The /e modifier is no longer supported, use preg_replace_callback instead D:\phpStudy\WWW\caiji\ThinkPHP\Lib\Template\ThinkTemplate.class.php 第 404 行.
NOTIC: [2] preg_replace(): The /e modifier is no longer supported, use preg_replace_callback instead D:\phpStudy\WWW\caiji\ThinkPHP\Lib\Template\ThinkTemplate.class.php 第 404 行.
NOTIC: [2] preg_replace(): The /e modifier is no longer supported, use preg_replace_callback instead D:\phpStudy\WWW\caiji\ThinkPHP\Lib\Template\ThinkTemplate.class.php 第 404 行.
NOTIC: [2] preg_replace(): The /e modifier is no longer supported, use preg_replace_callback instead D:\phpStudy\WWW\caiji\ThinkPHP\Lib\Template\ThinkTemplate.class.php 第 404 行.
NOTIC: [2] preg_replace(): The /e modifier is no longer supported, use preg_replace_callback instead D:\phpStudy\WWW\caiji\ThinkPHP\Lib\Template\ThinkTemplate.class.php 第 404 行.
NOTIC: [2] preg_replace(): The /e modifier is no longer supported, use preg_replace_callback instead D:\phpStudy\WWW\caiji\ThinkPHP\Lib\Template\ThinkTemplate.class.php 第 399 行.
NOTIC: [2] preg_replace(): The /e modifier is no longer supported, use preg_replace_callback instead D:\phpStudy\WWW\caiji\ThinkPHP\Lib\Template\ThinkTemplate.class.php 第 399 行.
NOTIC: [2] preg_replace(): The /e modifier is no longer supported, use preg_replace_callback instead D:\phpStudy\WWW\caiji\ThinkPHP\Lib\Template\ThinkTemplate.class.php 第 404 行.
NOTIC: [2] preg_replace(): The /e modifier is no longer supported, use preg_replace_callback instead D:\phpStudy\WWW\caiji\ThinkPHP\Lib\Template\ThinkTemplate.class.php 第 404 行.
NOTIC: [2] preg_replace(): The /e modifier is no longer supported, use preg_replace_callback instead D:\phpStudy\WWW\caiji\ThinkPHP\Lib\Template\ThinkTemplate.class.php 第 404 行.
NOTIC: [2] preg_replace(): The /e modifier is no longer supported, use preg_replace_callback instead D:\phpStudy\WWW\caiji\ThinkPHP\Lib\Template\ThinkTemplate.class.php 第 399 行.
NOTIC: [2] preg_replace(): The /e modifier is no longer supported, use preg_replace_callback instead D:\phpStudy\WWW\caiji\ThinkPHP\Lib\Template\ThinkTemplate.class.php 第 404 行.
NOTIC: [2] preg_replace(): The /e modifier is no longer supported, use preg_replace_callback instead D:\phpStudy\WWW\caiji\ThinkPHP\Lib\Template\ThinkTemplate.class.php 第 404 行.
NOTIC: [2] preg_replace(): The /e modifier is no longer supported, use preg_replace_callback instead D:\phpStudy\WWW\caiji\ThinkPHP\Lib\Template\ThinkTemplate.class.php 第 404 行.
NOTIC: [2] preg_replace(): The /e modifier is no longer supported, use preg_replace_callback instead D:\phpStudy\WWW\caiji\ThinkPHP\Lib\Template\ThinkTemplate.class.php 第 404 行.
NOTIC: [2] preg_replace(): The /e modifier is no longer supported, use preg_replace_callback instead D:\phpStudy\WWW\caiji\ThinkPHP\Lib\Template\ThinkTemplate.class.php 第 404 行.
NOTIC: [2] preg_replace(): The /e modifier is no longer supported, use preg_replace_callback instead D:\phpStudy\WWW\caiji\ThinkPHP\Lib\Template\ThinkTemplate.class.php 第 404 行.
NOTIC: [2] preg_replace(): The /e modifier is no longer supported, use preg_replace_callback instead D:\phpStudy\WWW\caiji\ThinkPHP\Lib\Template\ThinkTemplate.class.php 第 404 行.
NOTIC: [2] preg_replace(): The /e modifier is no longer supported, use preg_replace_callback instead D:\phpStudy\WWW\caiji\ThinkPHP\Lib\Template\ThinkTemplate.class.php 第 404 行.
NOTIC: [2] preg_replace(): The /e modifier is no longer supported, use preg_replace_callback instead D:\phpStudy\WWW\caiji\ThinkPHP\Lib\Template\ThinkTemplate.class.php 第 404 行.
NOTIC: [2] preg_replace(): The /e modifier is no longer supported, use preg_replace_callback instead D:\phpStudy\WWW\caiji\ThinkPHP\Lib\Template\ThinkTemplate.class.php 第 404 行.
NOTIC: [2] preg_replace(): The /e modifier is no longer supported, use preg_replace_callback instead D:\phpStudy\WWW\caiji\ThinkPHP\Lib\Template\ThinkTemplate.class.php 第 404 行.
NOTIC: [2] preg_replace(): The /e modifier is no longer supported, use preg_replace_callback instead D:\phpStudy\WWW\caiji\ThinkPHP\Lib\Template\ThinkTemplate.class.php 第 404 行.
NOTIC: [2] preg_replace(): The /e modifier is no longer supported, use preg_replace_callback instead D:\phpStudy\WWW\caiji\ThinkPHP\Lib\Template\ThinkTemplate.class.php 第 404 行.
NOTIC: [2] preg_replace(): The /e modifier is no longer supported, use preg_replace_callback instead D:\phpStudy\WWW\caiji\ThinkPHP\Lib\Template\ThinkTemplate.class.php 第 404 行.
NOTIC: [2] preg_replace(): The /e modifier is no longer supported, use preg_replace_callback instead D:\phpStudy\WWW\caiji\ThinkPHP\Lib\Template\ThinkTemplate.class.php 第 404 行.
NOTIC: [2] preg_replace(): The /e modifier is no longer supported, use preg_replace_callback instead D:\phpStudy\WWW\caiji\ThinkPHP\Lib\Template\ThinkTemplate.class.php 第 404 行.
NOTIC: [2] preg_replace(): The /e modifier is no longer supported, use preg_replace_callback instead D:\phpStudy\WWW\caiji\ThinkPHP\Lib\Template\ThinkTemplate.class.php 第 404 行.
NOTIC: [2] preg_replace(): The /e modifier is no longer supported, use preg_replace_callback instead D:\phpStudy\WWW\caiji\ThinkPHP\Lib\Template\ThinkTemplate.class.php 第 404 行.
NOTIC: [2] preg_replace(): The /e modifier is no longer supported, use preg_replace_callback instead D:\phpStudy\WWW\caiji\ThinkPHP\Lib\Template\ThinkTemplate.class.php 第 404 行.
NOTIC: [2] preg_replace(): The /e modifier is no longer supported, use preg_replace_callback instead D:\phpStudy\WWW\caiji\ThinkPHP\Lib\Template\ThinkTemplate.class.php 第 404 行.
NOTIC: [2] preg_replace(): The /e modifier is no longer supported, use preg_replace_callback instead D:\phpStudy\WWW\caiji\ThinkPHP\Lib\Template\ThinkTemplate.class.php 第 404 行.
NOTIC: [2] preg_replace(): The /e modifier is no longer supported, use preg_replace_callback instead D:\phpStudy\WWW\caiji\ThinkPHP\Lib\Template\ThinkTemplate.class.php 第 404 行.
NOTIC: [2] preg_replace(): The /e modifier is no longer supported, use preg_replace_callback instead D:\phpStudy\WWW\caiji\ThinkPHP\Lib\Template\ThinkTemplate.class.php 第 404 行.
NOTIC: [2] preg_replace(): The /e modifier is no longer supported, use preg_replace_callback instead D:\phpStudy\WWW\caiji\ThinkPHP\Lib\Template\ThinkTemplate.class.php 第 404 行.
NOTIC: [2] preg_replace(): The /e modifier is no longer supported, use preg_replace_callback instead D:\phpStudy\WWW\caiji\ThinkPHP\Lib\Template\ThinkTemplate.class.php 第 404 行.
NOTIC: [2] preg_replace(): The /e modifier is no longer supported, use preg_replace_callback instead D:\phpStudy\WWW\caiji\ThinkPHP\Lib\Template\ThinkTemplate.class.php 第 404 行.
NOTIC: [2] preg_replace(): The /e modifier is no longer supported, use preg_replace_callback instead D:\phpStudy\WWW\caiji\ThinkPHP\Lib\Template\ThinkTemplate.class.php 第 404 行.
NOTIC: [2] preg_replace(): The /e modifier is no longer supported, use preg_replace_callback instead D:\phpStudy\WWW\caiji\ThinkPHP\Lib\Template\ThinkTemplate.class.php 第 404 行.
NOTIC: [2] preg_replace(): The /e modifier is no longer supported, use preg_replace_callback instead D:\phpStudy\WWW\caiji\ThinkPHP\Lib\Template\ThinkTemplate.class.php 第 404 行.
NOTIC: [2] preg_replace(): The /e modifier is no longer supported, use preg_replace_callback instead D:\phpStudy\WWW\caiji\ThinkPHP\Lib\Template\ThinkTemplate.class.php 第 404 行.
NOTIC: [2] preg_replace(): The /e modifier is no longer supported, use preg_replace_callback instead D:\phpStudy\WWW\caiji\ThinkPHP\Lib\Template\ThinkTemplate.class.php 第 404 行.
NOTIC: [2] preg_replace(): The /e modifier is no longer supported, use preg_replace_callback instead D:\phpStudy\WWW\caiji\ThinkPHP\Lib\Template\ThinkTemplate.class.php 第 404 行.
NOTIC: [2] preg_replace(): The /e modifier is no longer supported, use preg_replace_callback instead D:\phpStudy\WWW\caiji\ThinkPHP\Lib\Template\ThinkTemplate.class.php 第 404 行.
NOTIC: [2] preg_replace(): The /e modifier is no longer supported, use preg_replace_callback instead D:\phpStudy\WWW\caiji\ThinkPHP\Lib\Template\ThinkTemplate.class.php 第 404 行.
NOTIC: [2] preg_replace(): The /e modifier is no longer supported, use preg_replace_callback instead D:\phpStudy\WWW\caiji\ThinkPHP\Lib\Template\ThinkTemplate.class.php 第 404 行.
NOTIC: [2] preg_replace(): The /e modifier is no longer supported, use preg_replace_callback instead D:\phpStudy\WWW\caiji\ThinkPHP\Lib\Template\ThinkTemplate.class.php 第 404 行.
NOTIC: [2] preg_replace(): The /e modifier is no longer supported, use preg_replace_callback instead D:\phpStudy\WWW\caiji\ThinkPHP\Lib\Template\ThinkTemplate.class.php 第 404 行.
NOTIC: [2] preg_replace(): The /e modifier is no longer supported, use preg_replace_callback instead D:\phpStudy\WWW\caiji\ThinkPHP\Lib\Template\ThinkTemplate.class.php 第 404 行.
NOTIC: [2] preg_replace(): The /e modifier is no longer supported, use preg_replace_callback instead D:\phpStudy\WWW\caiji\ThinkPHP\Lib\Template\ThinkTemplate.class.php 第 404 行.
NOTIC: [2] preg_replace(): The /e modifier is no longer supported, use preg_replace_callback instead D:\phpStudy\WWW\caiji\ThinkPHP\Lib\Template\ThinkTemplate.class.php 第 404 行.
NOTIC: [2] preg_replace(): The /e modifier is no longer supported, use preg_replace_callback instead D:\phpStudy\WWW\caiji\ThinkPHP\Lib\Template\ThinkTemplate.class.php 第 404 行.
NOTIC: [2] preg_replace(): The /e modifier is no longer supported, use preg_replace_callback instead D:\phpStudy\WWW\caiji\ThinkPHP\Lib\Template\ThinkTemplate.class.php 第 404 行.
NOTIC: [2] preg_replace(): The /e modifier is no longer supported, use preg_replace_callback instead D:\phpStudy\WWW\caiji\ThinkPHP\Lib\Template\ThinkTemplate.class.php 第 404 行.
NOTIC: [2] preg_replace(): The /e modifier is no longer supported, use preg_replace_callback instead D:\phpStudy\WWW\caiji\ThinkPHP\Lib\Template\ThinkTemplate.class.php 第 404 行.
NOTIC: [2] preg_replace(): The /e modifier is no longer supported, use preg_replace_callback instead D:\phpStudy\WWW\caiji\ThinkPHP\Lib\Template\ThinkTemplate.class.php 第 404 行.
NOTIC: [2] preg_replace(): The /e modifier is no longer supported, use preg_replace_callback instead D:\phpStudy\WWW\caiji\ThinkPHP\Lib\Template\ThinkTemplate.class.php 第 404 行.
NOTIC: [2] preg_replace(): The /e modifier is no longer supported, use preg_replace_callback instead D:\phpStudy\WWW\caiji\ThinkPHP\Lib\Template\ThinkTemplate.class.php 第 404 行.
NOTIC: [2] preg_replace(): The /e modifier is no longer supported, use preg_replace_callback instead D:\phpStudy\WWW\caiji\ThinkPHP\Lib\Template\ThinkTemplate.class.php 第 404 行.
NOTIC: [2] preg_replace(): The /e modifier is no longer supported, use preg_replace_callback instead D:\phpStudy\WWW\caiji\ThinkPHP\Lib\Template\ThinkTemplate.class.php 第 404 行.
NOTIC: [2] preg_replace(): The /e modifier is no longer supported, use preg_replace_callback instead D:\phpStudy\WWW\caiji\ThinkPHP\Lib\Template\ThinkTemplate.class.php 第 404 行.
NOTIC: [2] preg_replace(): The /e modifier is no longer supported, use preg_replace_callback instead D:\phpStudy\WWW\caiji\ThinkPHP\Lib\Template\ThinkTemplate.class.php 第 404 行.
NOTIC: [2] preg_replace(): The /e modifier is no longer supported, use preg_replace_callback instead D:\phpStudy\WWW\caiji\ThinkPHP\Lib\Template\ThinkTemplate.class.php 第 404 行.
NOTIC: [2] preg_replace(): The /e modifier is no longer supported, use preg_replace_callback instead D:\phpStudy\WWW\caiji\ThinkPHP\Lib\Template\ThinkTemplate.class.php 第 404 行.
NOTIC: [2] preg_replace(): The /e modifier is no longer supported, use preg_replace_callback instead D:\phpStudy\WWW\caiji\ThinkPHP\Lib\Template\ThinkTemplate.class.php 第 404 行.
NOTIC: [2] preg_replace(): The /e modifier is no longer supported, use preg_replace_callback instead D:\phpStudy\WWW\caiji\ThinkPHP\Lib\Template\ThinkTemplate.class.php 第 404 行.
NOTIC: [2] preg_replace(): The /e modifier is no longer supported, use preg_replace_callback instead D:\phpStudy\WWW\caiji\ThinkPHP\Lib\Template\ThinkTemplate.class.php 第 404 行.
NOTIC: [2] preg_replace(): The /e modifier is no longer supported, use preg_replace_callback instead D:\phpStudy\WWW\caiji\ThinkPHP\Lib\Template\ThinkTemplate.class.php 第 404 行.
NOTIC: [2] preg_replace(): The /e modifier is no longer supported, use preg_replace_callback instead D:\phpStudy\WWW\caiji\ThinkPHP\Lib\Template\ThinkTemplate.class.php 第 404 行.
NOTIC: [2] preg_replace(): The /e modifier is no longer supported, use preg_replace_callback instead D:\phpStudy\WWW\caiji\ThinkPHP\Lib\Template\ThinkTemplate.class.php 第 404 行.
NOTIC: [2] preg_replace(): The /e modifier is no longer supported, use preg_replace_callback instead D:\phpStudy\WWW\caiji\ThinkPHP\Lib\Template\ThinkTemplate.class.php 第 404 行.
NOTIC: [2] preg_replace(): The /e modifier is no longer supported, use preg_replace_callback instead D:\phpStudy\WWW\caiji\ThinkPHP\Lib\Template\ThinkTemplate.class.php 第 404 行.
NOTIC: [2] preg_replace(): The /e modifier is no longer supported, use preg_replace_callback instead D:\phpStudy\WWW\caiji\ThinkPHP\Lib\Template\ThinkTemplate.class.php 第 404 行.
NOTIC: [2] preg_replace(): The /e modifier is no longer supported, use preg_replace_callback instead D:\phpStudy\WWW\caiji\ThinkPHP\Lib\Template\ThinkTemplate.class.php 第 404 行.
NOTIC: [2] preg_replace(): The /e modifier is no longer supported, use preg_replace_callback instead D:\phpStudy\WWW\caiji\ThinkPHP\Lib\Template\ThinkTemplate.class.php 第 404 行.
NOTIC: [2] preg_replace(): The /e modifier is no longer supported, use preg_replace_callback instead D:\phpStudy\WWW\caiji\ThinkPHP\Lib\Template\ThinkTemplate.class.php 第 404 行.
NOTIC: [2] preg_replace(): The /e modifier is no longer supported, use preg_replace_callback instead D:\phpStudy\WWW\caiji\ThinkPHP\Lib\Template\ThinkTemplate.class.php 第 404 行.
NOTIC: [2] preg_replace(): The /e modifier is no longer supported, use preg_replace_callback instead D:\phpStudy\WWW\caiji\ThinkPHP\Lib\Template\ThinkTemplate.class.php 第 399 行.
NOTIC: [2] preg_replace(): The /e modifier is no longer supported, use preg_replace_callback instead D:\phpStudy\WWW\caiji\ThinkPHP\Lib\Template\ThinkTemplate.class.php 第 399 行.
NOTIC: [2] preg_replace(): The /e modifier is no longer supported, use preg_replace_callback instead D:\phpStudy\WWW\caiji\ThinkPHP\Lib\Template\ThinkTemplate.class.php 第 399 行.
NOTIC: [2] preg_replace(): The /e modifier is no longer supported, use preg_replace_callback instead D:\phpStudy\WWW\caiji\ThinkPHP\Lib\Template\ThinkTemplate.class.php 第 399 行.
NOTIC: [2] preg_replace(): The /e modifier is no longer supported, use preg_replace_callback instead D:\phpStudy\WWW\caiji\ThinkPHP\Lib\Template\ThinkTemplate.class.php 第 399 行.
NOTIC: [2] preg_replace(): The /e modifier is no longer supported, use preg_replace_callback instead D:\phpStudy\WWW\caiji\ThinkPHP\Lib\Template\ThinkTemplate.class.php 第 399 行.
NOTIC: [2] preg_replace(): The /e modifier is no longer supported, use preg_replace_callback instead D:\phpStudy\WWW\caiji\ThinkPHP\Lib\Template\ThinkTemplate.class.php 第 404 行.
NOTIC: [2] preg_replace(): The /e modifier is no longer supported, use preg_replace_callback instead D:\phpStudy\WWW\caiji\ThinkPHP\Lib\Template\ThinkTemplate.class.php 第 404 行.
NOTIC: [2] preg_replace(): The /e modifier is no longer supported, use preg_replace_callback instead D:\phpStudy\WWW\caiji\ThinkPHP\Lib\Template\ThinkTemplate.class.php 第 404 行.
NOTIC: [2] preg_replace(): The /e modifier is no longer supported, use preg_replace_callback instead D:\phpStudy\WWW\caiji\ThinkPHP\Lib\Template\ThinkTemplate.class.php 第 197 行.
NOTIC: [2] preg_replace(): The /e modifier is no longer supported, use preg_replace_callback instead D:\phpStudy\WWW\caiji\ThinkPHP\Lib\Template\ThinkTemplate.class.php 第 137 行.
INFO: ParseTemplate Behavior ::run [ RunTime:0.009000s ]
INFO: [ view_parse ] --END-- [ RunTime:0.009000s ]
INFO: [ view_filter ] --START--
INFO: ContentReplace Behavior ::run [ RunTime:0.001000s ]
INFO: TokenBuild Behavior ::run [ RunTime:0.000000s ]
INFO: WriteHtmlCache Behavior ::run [ RunTime:0.000000s ]
INFO: ShowRuntime Behavior ::run [ RunTime:0.000000s ]
INFO: [ view_filter ] --END-- [ RunTime:0.001000s ]
INFO: [ view_end ] --START--
INFO: ShowPageTrace Behavior ::run [ RunTime:0.000000s ]
INFO: [ view_end ] --END-- [ RunTime:0.001000s ]

